This file contains any messages produced by compilers while
running configure, to aid debugging if configure makes a mistake.

It was created by configure, which was
generated by GNU Autoconf 2.59.  Invocation command line was

  $ ./configure --host=arm --without-dependency-tracking --without-pic --without-xmms --with-drm --without-mpeg4ip

## --------- ##
## Platform. ##
## --------- ##

hostname = casino
uname -m = i686
uname -r = 2.6.11
uname -s = Linux
uname -v = #1 SMP Fri Apr 29 14:39:09 CDT 2005

/usr/bin/uname -p = unknown
/bin/uname -X     = unknown

/bin/arch              = i686
/usr/bin/arch -k       = unknown
/usr/convex/getsysinfo = unknown
hostinfo               = unknown
/bin/machine           = unknown
/usr/bin/oslevel       = unknown
/bin/universe          = unknown

PATH: /usr/local/packages/coware/arm-1.2/linux/bin
PATH: /usr/local/packages/coware/arm-1.2/windu/bin.linux_i32
PATH: /usr/local/packages/coware/arm-1.2/windu/lib.linux_i32
PATH: /usr/local/packages/coware/arm-1.2/linux/bin
PATH: /usr/local/packages/coware/arm-1.2/windu/bin.linux_i32
PATH: /usr/local/packages/coware/arm-1.2/windu/lib.linux_i32
PATH: /home/polaris/rvemu/cscope/bin
PATH: /usr/local/bin
PATH: /usr/bin
PATH: /bin
PATH: /usr/bin/X11
PATH: /usr/games


## ----------- ##
## Core tests. ##
## ----------- ##

configure:1536: checking for a BSD-compatible install
configure:1591: result: /usr/bin/install -c
configure:1602: checking whether build environment is sane
configure:1645: result: yes
configure:1660: checking whether make sets $(MAKE)
configure:1680: result: yes
configure:1712: checking for working aclocal-1.4
configure:1719: result: found
configure:1727: checking for working autoconf
configure:1734: result: found
configure:1742: checking for working automake-1.4
configure:1749: result: found
configure:1757: checking for working autoheader
configure:1764: result: found
configure:1772: checking for working makeinfo
configure:1779: result: found
configure:1867: checking build system type
configure:1885: result: i686-pc-linux-gnuaout
configure:1893: checking host system type
configure:1907: result: arm-unknown-none
configure:1923: checking for arm-gcc
configure:1949: result: armcc
configure:2231: checking for C compiler version
configure:2234: armcc --version </dev/null >&5
Error: C3062E: unknown option '--version'
configure:2237: $? = 1
configure:2239: armcc -v </dev/null >&5
Error: C3056E: bad option '-v'
configure:2242: $? = 1
configure:2244: armcc -V </dev/null >&5
Error: C3056E: bad option '-V'
configure:2247: $? = 1
configure:2270: checking for C compiler default output file name
configure:2273: armcc    conftest.c  >&5
configure:2276: $? = 0
configure:2322: result: b.out
configure:2327: checking whether the C compiler works
configure:2333: ./b.out
./configure: line 1: ./b.out: No such file or directory
configure:2336: $? = 127
configure:2353: result: yes
configure:2360: checking whether we are cross compiling
configure:2362: result: yes
configure:2365: checking for suffix of executables
configure:2367: armcc -o conftest    conftest.c  >&5
configure:2370: $? = 0
configure:2395: result: 
configure:2401: checking for suffix of object files
configure:2422: armcc -c   conftest.c >&5
configure:2425: $? = 0
configure:2447: result: o
configure:2451: checking whether we are using the GNU C compiler
configure:2475: armcc -c   conftest.c >&5
"conftest.c", line 16: Error: C2456E: undeclared name, inventing 'extern int choke'
"conftest.c", line 17: Warning: C2917W: no side effect in void context: 'choke'
"conftest.c", line 17: Serious error: C2284E: expected ';' after command - inserted before 'me'
"conftest.c", line 17: Error: C2456E: undeclared name, inventing 'extern int me'
"conftest.c", line 19: Warning: C2917W: no side effect in void context: 'me'
conftest.c: 2 warnings, 2 errors, 1 serious error
configure:2481: $? = 1
configure: failed program was:
| /* confdefs.h.  */
| 
| #define PACKAGE_NAME ""
| #define PACKAGE_TARNAME ""
| #define PACKAGE_VERSION ""
| #define PACKAGE_STRING ""
| #define PACKAGE_BUGREPORT ""
| #define PACKAGE "faad2"
| #define VERSION "2.0"
| /* end confdefs.h.  */
| 
| int
| main ()
| {
| #ifndef __GNUC__
|        choke me
| #endif
| 
|   ;
|   return 0;
| }
configure:2506: result: no
configure:2512: checking whether armcc accepts -g
configure:2533: armcc -c -g  conftest.c >&5
configure:2539: $? = 0
configure:2542: test -z 			 || test ! -s conftest.err
configure:2545: $? = 0
configure:2548: test -s conftest.o
configure:2551: $? = 0
configure:2562: result: yes
configure:2579: checking for armcc option to accept ANSI C
configure:2649: armcc  -c -g  conftest.c >&5
"conftest.c", line 14: Serious error: C2857E: #include file <sys/types.h> wouldn't open
"conftest.c", line 15: Serious error: C2857E: #include file <sys/stat.h> wouldn't open
"conftest.c", line 17: Warning: C2926W: 'struct stat' invented in parameter list
"conftest.c", line 19: Warning: C2214W: Old-style function 'e'
"conftest.c", line 46: Warning: C2926W: 'struct stat' invented in parameter list
conftest.c: 3 warnings, 0 errors, 2 serious errors
configure:2655: $? = 1
configure: failed program was:
| /* confdefs.h.  */
| 
| #define PACKAGE_NAME ""
| #define PACKAGE_TARNAME ""
| #define PACKAGE_VERSION ""
| #define PACKAGE_STRING ""
| #define PACKAGE_BUGREPORT ""
| #define PACKAGE "faad2"
| #define VERSION "2.0"
| /* end confdefs.h.  */
| #include <stdarg.h>
| #include <stdio.h>
| #include <sys/types.h>
| #include <sys/stat.h>
| /* Most of the following tests are stolen from RCS 5.7's src/conf.sh.  */
| struct buf { int x; };
| FILE * (*rcsopen) (struct buf *, struct stat *, int);
| static char *e (p, i)
|      char **p;
|      int i;
| {
|   return p[i];
| }
| static char *f (char * (*g) (char **, int), char **p, ...)
| {
|   char *s;
|   va_list v;
|   va_start (v,p);
|   s = g (p, va_arg (v,int));
|   va_end (v);
|   return s;
| }
| 
| /* OSF 4.0 Compaq cc is some sort of almost-ANSI by default.  It has
|    function prototypes and stuff, but not '\xHH' hex character constants.
|    These don't provoke an error unfortunately, instead are silently treated
|    as 'x'.  The following induces an error, until -std1 is added to get
|    proper ANSI mode.  Curiously '\x00'!='x' always comes out true, for an
|    array size at least.  It's necessary to write '\x00'==0 to get something
|    that's true only with -std1.  */
| int osf4_cc_array ['\x00' == 0 ? 1 : -1];
| 
| int test (int i, double x);
| struct s1 {int (*f) (int a);};
| struct s2 {int (*f) (double a);};
| int pairnames (int, char **, FILE *(*)(struct buf *, struct stat *, int), int, int);
| int argc;
| char **argv;
| int
| main ()
| {
| return f (e, argv, 0) != argv[0]  ||  f (e, argv, 1) != argv[1];
|   ;
|   return 0;
| }
configure:2649: armcc -qlanglvl=ansi -c -g  conftest.c >&5
Error: C3056E: bad option '-qlanglvl=ansi'
configure:2655: $? = 1
configure: failed program was:
| /* confdefs.h.  */
| 
| #define PACKAGE_NAME ""
| #define PACKAGE_TARNAME ""
| #define PACKAGE_VERSION ""
| #define PACKAGE_STRING ""
| #define PACKAGE_BUGREPORT ""
| #define PACKAGE "faad2"
| #define VERSION "2.0"
| /* end confdefs.h.  */
| #include <stdarg.h>
| #include <stdio.h>
| #include <sys/types.h>
| #include <sys/stat.h>
| /* Most of the following tests are stolen from RCS 5.7's src/conf.sh.  */
| struct buf { int x; };
| FILE * (*rcsopen) (struct buf *, struct stat *, int);
| static char *e (p, i)
|      char **p;
|      int i;
| {
|   return p[i];
| }
| static char *f (char * (*g) (char **, int), char **p, ...)
| {
|   char *s;
|   va_list v;
|   va_start (v,p);
|   s = g (p, va_arg (v,int));
|   va_end (v);
|   return s;
| }
| 
| /* OSF 4.0 Compaq cc is some sort of almost-ANSI by default.  It has
|    function prototypes and stuff, but not '\xHH' hex character constants.
|    These don't provoke an error unfortunately, instead are silently treated
|    as 'x'.  The following induces an error, until -std1 is added to get
|    proper ANSI mode.  Curiously '\x00'!='x' always comes out true, for an
|    array size at least.  It's necessary to write '\x00'==0 to get something
|    that's true only with -std1.  */
| int osf4_cc_array ['\x00' == 0 ? 1 : -1];
| 
| int test (int i, double x);
| struct s1 {int (*f) (int a);};
| struct s2 {int (*f) (double a);};
| int pairnames (int, char **, FILE *(*)(struct buf *, struct stat *, int), int, int);
| int argc;
| char **argv;
| int
| main ()
| {
| return f (e, argv, 0) != argv[0]  ||  f (e, argv, 1) != argv[1];
|   ;
|   return 0;
| }
configure:2649: armcc -std1 -c -g  conftest.c >&5
Error: C3056E: bad option '-std1'
configure:2655: $? = 1
configure: failed program was:
| /* confdefs.h.  */
| 
| #define PACKAGE_NAME ""
| #define PACKAGE_TARNAME ""
| #define PACKAGE_VERSION ""
| #define PACKAGE_STRING ""
| #define PACKAGE_BUGREPORT ""
| #define PACKAGE "faad2"
| #define VERSION "2.0"
| /* end confdefs.h.  */
| #include <stdarg.h>
| #include <stdio.h>
| #include <sys/types.h>
| #include <sys/stat.h>
| /* Most of the following tests are stolen from RCS 5.7's src/conf.sh.  */
| struct buf { int x; };
| FILE * (*rcsopen) (struct buf *, struct stat *, int);
| static char *e (p, i)
|      char **p;
|      int i;
| {
|   return p[i];
| }
| static char *f (char * (*g) (char **, int), char **p, ...)
| {
|   char *s;
|   va_list v;
|   va_start (v,p);
|   s = g (p, va_arg (v,int));
|   va_end (v);
|   return s;
| }
| 
| /* OSF 4.0 Compaq cc is some sort of almost-ANSI by default.  It has
|    function prototypes and stuff, but not '\xHH' hex character constants.
|    These don't provoke an error unfortunately, instead are silently treated
|    as 'x'.  The following induces an error, until -std1 is added to get
|    proper ANSI mode.  Curiously '\x00'!='x' always comes out true, for an
|    array size at least.  It's necessary to write '\x00'==0 to get something
|    that's true only with -std1.  */
| int osf4_cc_array ['\x00' == 0 ? 1 : -1];
| 
| int test (int i, double x);
| struct s1 {int (*f) (int a);};
| struct s2 {int (*f) (double a);};
| int pairnames (int, char **, FILE *(*)(struct buf *, struct stat *, int), int, int);
| int argc;
| char **argv;
| int
| main ()
| {
| return f (e, argv, 0) != argv[0]  ||  f (e, argv, 1) != argv[1];
|   ;
|   return 0;
| }
configure:2649: armcc -Ae -c -g  conftest.c >&5
Error: C3056E: bad option '-Ae'
configure:2655: $? = 1
configure: failed program was:
| /* confdefs.h.  */
| 
| #define PACKAGE_NAME ""
| #define PACKAGE_TARNAME ""
| #define PACKAGE_VERSION ""
| #define PACKAGE_STRING ""
| #define PACKAGE_BUGREPORT ""
| #define PACKAGE "faad2"
| #define VERSION "2.0"
| /* end confdefs.h.  */
| #include <stdarg.h>
| #include <stdio.h>
| #include <sys/types.h>
| #include <sys/stat.h>
| /* Most of the following tests are stolen from RCS 5.7's src/conf.sh.  */
| struct buf { int x; };
| FILE * (*rcsopen) (struct buf *, struct stat *, int);
| static char *e (p, i)
|      char **p;
|      int i;
| {
|   return p[i];
| }
| static char *f (char * (*g) (char **, int), char **p, ...)
| {
|   char *s;
|   va_list v;
|   va_start (v,p);
|   s = g (p, va_arg (v,int));
|   va_end (v);
|   return s;
| }
| 
| /* OSF 4.0 Compaq cc is some sort of almost-ANSI by default.  It has
|    function prototypes and stuff, but not '\xHH' hex character constants.
|    These don't provoke an error unfortunately, instead are silently treated
|    as 'x'.  The following induces an error, until -std1 is added to get
|    proper ANSI mode.  Curiously '\x00'!='x' always comes out true, for an
|    array size at least.  It's necessary to write '\x00'==0 to get something
|    that's true only with -std1.  */
| int osf4_cc_array ['\x00' == 0 ? 1 : -1];
| 
| int test (int i, double x);
| struct s1 {int (*f) (int a);};
| struct s2 {int (*f) (double a);};
| int pairnames (int, char **, FILE *(*)(struct buf *, struct stat *, int), int, int);
| int argc;
| char **argv;
| int
| main ()
| {
| return f (e, argv, 0) != argv[0]  ||  f (e, argv, 1) != argv[1];
|   ;
|   return 0;
| }
configure:2649: armcc -Aa -D_HPUX_SOURCE -c -g  conftest.c >&5
Error: C3056E: bad option '-Aa'
configure:2655: $? = 1
configure: failed program was:
| /* confdefs.h.  */
| 
| #define PACKAGE_NAME ""
| #define PACKAGE_TARNAME ""
| #define PACKAGE_VERSION ""
| #define PACKAGE_STRING ""
| #define PACKAGE_BUGREPORT ""
| #define PACKAGE "faad2"
| #define VERSION "2.0"
| /* end confdefs.h.  */
| #include <stdarg.h>
| #include <stdio.h>
| #include <sys/types.h>
| #include <sys/stat.h>
| /* Most of the following tests are stolen from RCS 5.7's src/conf.sh.  */
| struct buf { int x; };
| FILE * (*rcsopen) (struct buf *, struct stat *, int);
| static char *e (p, i)
|      char **p;
|      int i;
| {
|   return p[i];
| }
| static char *f (char * (*g) (char **, int), char **p, ...)
| {
|   char *s;
|   va_list v;
|   va_start (v,p);
|   s = g (p, va_arg (v,int));
|   va_end (v);
|   return s;
| }
| 
| /* OSF 4.0 Compaq cc is some sort of almost-ANSI by default.  It has
|    function prototypes and stuff, but not '\xHH' hex character constants.
|    These don't provoke an error unfortunately, instead are silently treated
|    as 'x'.  The following induces an error, until -std1 is added to get
|    proper ANSI mode.  Curiously '\x00'!='x' always comes out true, for an
|    array size at least.  It's necessary to write '\x00'==0 to get something
|    that's true only with -std1.  */
| int osf4_cc_array ['\x00' == 0 ? 1 : -1];
| 
| int test (int i, double x);
| struct s1 {int (*f) (int a);};
| struct s2 {int (*f) (double a);};
| int pairnames (int, char **, FILE *(*)(struct buf *, struct stat *, int), int, int);
| int argc;
| char **argv;
| int
| main ()
| {
| return f (e, argv, 0) != argv[0]  ||  f (e, argv, 1) != argv[1];
|   ;
|   return 0;
| }
configure:2649: armcc -Xc -D__EXTENSIONS__ -c -g  conftest.c >&5
Error: C3056E: bad option '-Xc'
configure:2655: $? = 1
configure: failed program was:
| /* confdefs.h.  */
| 
| #define PACKAGE_NAME ""
| #define PACKAGE_TARNAME ""
| #define PACKAGE_VERSION ""
| #define PACKAGE_STRING ""
| #define PACKAGE_BUGREPORT ""
| #define PACKAGE "faad2"
| #define VERSION "2.0"
| /* end confdefs.h.  */
| #include <stdarg.h>
| #include <stdio.h>
| #include <sys/types.h>
| #include <sys/stat.h>
| /* Most of the following tests are stolen from RCS 5.7's src/conf.sh.  */
| struct buf { int x; };
| FILE * (*rcsopen) (struct buf *, struct stat *, int);
| static char *e (p, i)
|      char **p;
|      int i;
| {
|   return p[i];
| }
| static char *f (char * (*g) (char **, int), char **p, ...)
| {
|   char *s;
|   va_list v;
|   va_start (v,p);
|   s = g (p, va_arg (v,int));
|   va_end (v);
|   return s;
| }
| 
| /* OSF 4.0 Compaq cc is some sort of almost-ANSI by default.  It has
|    function prototypes and stuff, but not '\xHH' hex character constants.
|    These don't provoke an error unfortunately, instead are silently treated
|    as 'x'.  The following induces an error, until -std1 is added to get
|    proper ANSI mode.  Curiously '\x00'!='x' always comes out true, for an
|    array size at least.  It's necessary to write '\x00'==0 to get something
|    that's true only with -std1.  */
| int osf4_cc_array ['\x00' == 0 ? 1 : -1];
| 
| int test (int i, double x);
| struct s1 {int (*f) (int a);};
| struct s2 {int (*f) (double a);};
| int pairnames (int, char **, FILE *(*)(struct buf *, struct stat *, int), int, int);
| int argc;
| char **argv;
| int
| main ()
| {
| return f (e, argv, 0) != argv[0]  ||  f (e, argv, 1) != argv[1];
|   ;
|   return 0;
| }
configure:2685: result: none needed
configure:2703: armcc -c -g  conftest.c >&5
"conftest.c", line 3: Error: C2225W: declaration lacks type/storage-class (assuming 'int'): 'choke'
"conftest.c", line 3: Error: C2285E: expected ';' or ',' - inserted ';' before 'me'
"conftest.c", line 4: Error: C2225W: declaration lacks type/storage-class (assuming 'int'): 'me'
"conftest.c", line 4: Error: C2285E: expected ';' or ',' - inserted ';' before '<eof>'
conftest.c: 0 warnings, 4 errors, 0 serious errors
configure:2709: $? = 1
configure: failed program was:
| #ifndef __cplusplus
|   choke me
| #endif
configure:2839: checking for a sed that does not truncate output
configure:2893: result: /bin/sed
configure:2896: checking for egrep
configure:2906: result: grep -E
configure:2955: checking for non-GNU ld
configure:2989: result: armlink
configure:2998: checking if the linker (armlink) is GNU ld
configure:3013: result: no
configure:3018: checking for armlink option to reload object files
configure:3025: result: -r
configure:3034: checking for BSD-compatible nm
configure:3076: result: nm
configure:3080: checking whether ln -s works
configure:3084: result: yes
configure:3091: checking how to recognise dependent libraries
configure:3265: result: unknown
configure:3478: checking how to run the C preprocessor
configure:3513: armcc -E  conftest.c
configure:3519: $? = 0
configure:3551: armcc -E  conftest.c
"conftest.c", line 12: Serious error: C2857E: #include file <ac_nonexistent.h> wouldn't open
conftest.c: 0 warnings, 0 errors, 1 serious error
configure:3557: $? = 1
configure: failed program was:
| /* confdefs.h.  */
| 
| #define PACKAGE_NAME ""
| #define PACKAGE_TARNAME ""
| #define PACKAGE_VERSION ""
| #define PACKAGE_STRING ""
| #define PACKAGE_BUGREPORT ""
| #define PACKAGE "faad2"
| #define VERSION "2.0"
| /* end confdefs.h.  */
| #include <ac_nonexistent.h>
configure:3596: result: armcc -E
configure:3620: armcc -E  conftest.c
configure:3626: $? = 0
configure:3658: armcc -E  conftest.c
"conftest.c", line 12: Serious error: C2857E: #include file <ac_nonexistent.h> wouldn't open
conftest.c: 0 warnings, 0 errors, 1 serious error
configure:3664: $? = 1
configure: failed program was:
| /* confdefs.h.  */
| 
| #define PACKAGE_NAME ""
| #define PACKAGE_TARNAME ""
| #define PACKAGE_VERSION ""
| #define PACKAGE_STRING ""
| #define PACKAGE_BUGREPORT ""
| #define PACKAGE "faad2"
| #define VERSION "2.0"
| /* end confdefs.h.  */
| #include <ac_nonexistent.h>
configure:3708: checking for ANSI C header files
configure:3733: armcc -c -g  conftest.c >&5
configure:3739: $? = 0
configure:3742: test -z 			 || test ! -s conftest.err
configure:3745: $? = 0
configure:3748: test -s conftest.o
configure:3751: $? = 0
configure:3860: result: yes
configure:3884: checking for sys/types.h
configure:3900: armcc -c -g  conftest.c >&5
"conftest.c", line 14: Warning: C2206W: Undefined macro 'HAVE_SYS_TYPES_H' in #if - treated as 0
"conftest.c", line 17: Warning: C2206W: Undefined macro 'HAVE_SYS_STAT_H' in #if - treated as 0
"conftest.c", line 28: Warning: C2206W: Undefined macro 'HAVE_STRING_H' in #if - treated as 0
"conftest.c", line 34: Warning: C2206W: Undefined macro 'HAVE_STRINGS_H' in #if - treated as 0
"conftest.c", line 37: Warning: C2206W: Undefined macro 'HAVE_INTTYPES_H' in #if - treated as 0
"conftest.c", line 40: Warning: C2206W: Undefined macro 'HAVE_STDINT_H' in #if - treated as 0
"conftest.c", line 44: Warning: C2206W: Undefined macro 'HAVE_UNISTD_H' in #if - treated as 0
"conftest.c", line 48: Serious error: C2857E: #include file <sys/types.h> wouldn't open
conftest.c: 7 warnings, 0 errors, 1 serious error
configure:3906: $? = 1
configure: failed program was:
| /* confdefs.h.  */
| 
| #define PACKAGE_NAME ""
| #define PACKAGE_TARNAME ""
| #define PACKAGE_VERSION ""
| #define PACKAGE_STRING ""
| #define PACKAGE_BUGREPORT ""
| #define PACKAGE "faad2"
| #define VERSION "2.0"
| #define STDC_HEADERS 1
| /* end confdefs.h.  */
| #include <stdio.h>
| #if HAVE_SYS_TYPES_H
| # include <sys/types.h>
| #endif
| #if HAVE_SYS_STAT_H
| # include <sys/stat.h>
| #endif
| #if STDC_HEADERS
| # include <stdlib.h>
| # include <stddef.h>
| #else
| # if HAVE_STDLIB_H
| #  include <stdlib.h>
| # endif
| #endif
| #if HAVE_STRING_H
| # if !STDC_HEADERS && HAVE_MEMORY_H
| #  include <memory.h>
| # endif
| # include <string.h>
| #endif
| #if HAVE_STRINGS_H
| # include <strings.h>
| #endif
| #if HAVE_INTTYPES_H
| # include <inttypes.h>
| #else
| # if HAVE_STDINT_H
| #  include <stdint.h>
| # endif
| #endif
| #if HAVE_UNISTD_H
| # include <unistd.h>
| #endif
| 
| #include <sys/types.h>
configure:3929: result: no
configure:3884: checking for sys/stat.h
configure:3900: armcc -c -g  conftest.c >&5
"conftest.c", line 14: Warning: C2206W: Undefined macro 'HAVE_SYS_TYPES_H' in #if - treated as 0
"conftest.c", line 17: Warning: C2206W: Undefined macro 'HAVE_SYS_STAT_H' in #if - treated as 0
"conftest.c", line 28: Warning: C2206W: Undefined macro 'HAVE_STRING_H' in #if - treated as 0
"conftest.c", line 34: Warning: C2206W: Undefined macro 'HAVE_STRINGS_H' in #if - treated as 0
"conftest.c", line 37: Warning: C2206W: Undefined macro 'HAVE_INTTYPES_H' in #if - treated as 0
"conftest.c", line 40: Warning: C2206W: Undefined macro 'HAVE_STDINT_H' in #if - treated as 0
"conftest.c", line 44: Warning: C2206W: Undefined macro 'HAVE_UNISTD_H' in #if - treated as 0
"conftest.c", line 48: Serious error: C2857E: #include file <sys/stat.h> wouldn't open
conftest.c: 7 warnings, 0 errors, 1 serious error
configure:3906: $? = 1
configure: failed program was:
| /* confdefs.h.  */
| 
| #define PACKAGE_NAME ""
| #define PACKAGE_TARNAME ""
| #define PACKAGE_VERSION ""
| #define PACKAGE_STRING ""
| #define PACKAGE_BUGREPORT ""
| #define PACKAGE "faad2"
| #define VERSION "2.0"
| #define STDC_HEADERS 1
| /* end confdefs.h.  */
| #include <stdio.h>
| #if HAVE_SYS_TYPES_H
| # include <sys/types.h>
| #endif
| #if HAVE_SYS_STAT_H
| # include <sys/stat.h>
| #endif
| #if STDC_HEADERS
| # include <stdlib.h>
| # include <stddef.h>
| #else
| # if HAVE_STDLIB_H
| #  include <stdlib.h>
| # endif
| #endif
| #if HAVE_STRING_H
| # if !STDC_HEADERS && HAVE_MEMORY_H
| #  include <memory.h>
| # endif
| # include <string.h>
| #endif
| #if HAVE_STRINGS_H
| # include <strings.h>
| #endif
| #if HAVE_INTTYPES_H
| # include <inttypes.h>
| #else
| # if HAVE_STDINT_H
| #  include <stdint.h>
| # endif
| #endif
| #if HAVE_UNISTD_H
| # include <unistd.h>
| #endif
| 
| #include <sys/stat.h>
configure:3929: result: no
configure:3884: checking for stdlib.h
configure:3900: armcc -c -g  conftest.c >&5
"conftest.c", line 14: Warning: C2206W: Undefined macro 'HAVE_SYS_TYPES_H' in #if - treated as 0
"conftest.c", line 17: Warning: C2206W: Undefined macro 'HAVE_SYS_STAT_H' in #if - treated as 0
"conftest.c", line 28: Warning: C2206W: Undefined macro 'HAVE_STRING_H' in #if - treated as 0
"conftest.c", line 34: Warning: C2206W: Undefined macro 'HAVE_STRINGS_H' in #if - treated as 0
"conftest.c", line 37: Warning: C2206W: Undefined macro 'HAVE_INTTYPES_H' in #if - treated as 0
"conftest.c", line 40: Warning: C2206W: Undefined macro 'HAVE_STDINT_H' in #if - treated as 0
"conftest.c", line 44: Warning: C2206W: Undefined macro 'HAVE_UNISTD_H' in #if - treated as 0
conftest.c: 7 warnings, 0 errors, 0 serious errors
configure:3906: $? = 0
configure:3909: test -z 			 || test ! -s conftest.err
configure:3912: $? = 0
configure:3915: test -s conftest.o
configure:3918: $? = 0
configure:3929: result: yes
configure:3884: checking for string.h
configure:3900: armcc -c -g  conftest.c >&5
"conftest.c", line 15: Warning: C2206W: Undefined macro 'HAVE_SYS_TYPES_H' in #if - treated as 0
"conftest.c", line 18: Warning: C2206W: Undefined macro 'HAVE_SYS_STAT_H' in #if - treated as 0
"conftest.c", line 29: Warning: C2206W: Undefined macro 'HAVE_STRING_H' in #if - treated as 0
"conftest.c", line 35: Warning: C2206W: Undefined macro 'HAVE_STRINGS_H' in #if - treated as 0
"conftest.c", line 38: Warning: C2206W: Undefined macro 'HAVE_INTTYPES_H' in #if - treated as 0
"conftest.c", line 41: Warning: C2206W: Undefined macro 'HAVE_STDINT_H' in #if - treated as 0
"conftest.c", line 45: Warning: C2206W: Undefined macro 'HAVE_UNISTD_H' in #if - treated as 0
conftest.c: 7 warnings, 0 errors, 0 serious errors
configure:3906: $? = 0
configure:3909: test -z 			 || test ! -s conftest.err
configure:3912: $? = 0
configure:3915: test -s conftest.o
configure:3918: $? = 0
configure:3929: result: yes
configure:3884: checking for memory.h
configure:3900: armcc -c -g  conftest.c >&5
"conftest.c", line 16: Warning: C2206W: Undefined macro 'HAVE_SYS_TYPES_H' in #if - treated as 0
"conftest.c", line 19: Warning: C2206W: Undefined macro 'HAVE_SYS_STAT_H' in #if - treated as 0
"conftest.c", line 36: Warning: C2206W: Undefined macro 'HAVE_STRINGS_H' in #if - treated as 0
"conftest.c", line 39: Warning: C2206W: Undefined macro 'HAVE_INTTYPES_H' in #if - treated as 0
"conftest.c", line 42: Warning: C2206W: Undefined macro 'HAVE_STDINT_H' in #if - treated as 0
"conftest.c", line 46: Warning: C2206W: Undefined macro 'HAVE_UNISTD_H' in #if - treated as 0
"conftest.c", line 50: Serious error: C2857E: #include file <memory.h> wouldn't open
conftest.c: 6 warnings, 0 errors, 1 serious error
configure:3906: $? = 1
configure: failed program was:
| /* confdefs.h.  */
| 
| #define PACKAGE_NAME ""
| #define PACKAGE_TARNAME ""
| #define PACKAGE_VERSION ""
| #define PACKAGE_STRING ""
| #define PACKAGE_BUGREPORT ""
| #define PACKAGE "faad2"
| #define VERSION "2.0"
| #define STDC_HEADERS 1
| #define HAVE_STDLIB_H 1
| #define HAVE_STRING_H 1
| /* end confdefs.h.  */
| #include <stdio.h>
| #if HAVE_SYS_TYPES_H
| # include <sys/types.h>
| #endif
| #if HAVE_SYS_STAT_H
| # include <sys/stat.h>
| #endif
| #if STDC_HEADERS
| # include <stdlib.h>
| # include <stddef.h>
| #else
| # if HAVE_STDLIB_H
| #  include <stdlib.h>
| # endif
| #endif
| #if HAVE_STRING_H
| # if !STDC_HEADERS && HAVE_MEMORY_H
| #  include <memory.h>
| # endif
| # include <string.h>
| #endif
| #if HAVE_STRINGS_H
| # include <strings.h>
| #endif
| #if HAVE_INTTYPES_H
| # include <inttypes.h>
| #else
| # if HAVE_STDINT_H
| #  include <stdint.h>
| # endif
| #endif
| #if HAVE_UNISTD_H
| # include <unistd.h>
| #endif
| 
| #include <memory.h>
configure:3929: result: no
configure:3884: checking for strings.h
configure:3900: armcc -c -g  conftest.c >&5
"conftest.c", line 16: Warning: C2206W: Undefined macro 'HAVE_SYS_TYPES_H' in #if - treated as 0
"conftest.c", line 19: Warning: C2206W: Undefined macro 'HAVE_SYS_STAT_H' in #if - treated as 0
"conftest.c", line 36: Warning: C2206W: Undefined macro 'HAVE_STRINGS_H' in #if - treated as 0
"conftest.c", line 39: Warning: C2206W: Undefined macro 'HAVE_INTTYPES_H' in #if - treated as 0
"conftest.c", line 42: Warning: C2206W: Undefined macro 'HAVE_STDINT_H' in #if - treated as 0
"conftest.c", line 46: Warning: C2206W: Undefined macro 'HAVE_UNISTD_H' in #if - treated as 0
"conftest.c", line 50: Serious error: C2857E: #include file <strings.h> wouldn't open
conftest.c: 6 warnings, 0 errors, 1 serious error
configure:3906: $? = 1
configure: failed program was:
| /* confdefs.h.  */
| 
| #define PACKAGE_NAME ""
| #define PACKAGE_TARNAME ""
| #define PACKAGE_VERSION ""
| #define PACKAGE_STRING ""
| #define PACKAGE_BUGREPORT ""
| #define PACKAGE "faad2"
| #define VERSION "2.0"
| #define STDC_HEADERS 1
| #define HAVE_STDLIB_H 1
| #define HAVE_STRING_H 1
| /* end confdefs.h.  */
| #include <stdio.h>
| #if HAVE_SYS_TYPES_H
| # include <sys/types.h>
| #endif
| #if HAVE_SYS_STAT_H
| # include <sys/stat.h>
| #endif
| #if STDC_HEADERS
| # include <stdlib.h>
| # include <stddef.h>
| #else
| # if HAVE_STDLIB_H
| #  include <stdlib.h>
| # endif
| #endif
| #if HAVE_STRING_H
| # if !STDC_HEADERS && HAVE_MEMORY_H
| #  include <memory.h>
| # endif
| # include <string.h>
| #endif
| #if HAVE_STRINGS_H
| # include <strings.h>
| #endif
| #if HAVE_INTTYPES_H
| # include <inttypes.h>
| #else
| # if HAVE_STDINT_H
| #  include <stdint.h>
| # endif
| #endif
| #if HAVE_UNISTD_H
| # include <unistd.h>
| #endif
| 
| #include <strings.h>
configure:3929: result: no
configure:3884: checking for inttypes.h
configure:3900: armcc -c -g  conftest.c >&5
"conftest.c", line 16: Warning: C2206W: Undefined macro 'HAVE_SYS_TYPES_H' in #if - treated as 0
"conftest.c", line 19: Warning: C2206W: Undefined macro 'HAVE_SYS_STAT_H' in #if - treated as 0
"conftest.c", line 36: Warning: C2206W: Undefined macro 'HAVE_STRINGS_H' in #if - treated as 0
"conftest.c", line 39: Warning: C2206W: Undefined macro 'HAVE_INTTYPES_H' in #if - treated as 0
"conftest.c", line 42: Warning: C2206W: Undefined macro 'HAVE_STDINT_H' in #if - treated as 0
"conftest.c", line 46: Warning: C2206W: Undefined macro 'HAVE_UNISTD_H' in #if - treated as 0
conftest.c: 6 warnings, 0 errors, 0 serious errors
configure:3906: $? = 0
configure:3909: test -z 			 || test ! -s conftest.err
configure:3912: $? = 0
configure:3915: test -s conftest.o
configure:3918: $? = 0
configure:3929: result: yes
configure:3884: checking for stdint.h
configure:3900: armcc -c -g  conftest.c >&5
"conftest.c", line 17: Warning: C2206W: Undefined macro 'HAVE_SYS_TYPES_H' in #if - treated as 0
"conftest.c", line 20: Warning: C2206W: Undefined macro 'HAVE_SYS_STAT_H' in #if - treated as 0
"conftest.c", line 37: Warning: C2206W: Undefined macro 'HAVE_STRINGS_H' in #if - treated as 0
"conftest.c", line 47: Warning: C2206W: Undefined macro 'HAVE_UNISTD_H' in #if - treated as 0
conftest.c: 4 warnings, 0 errors, 0 serious errors
configure:3906: $? = 0
configure:3909: test -z 			 || test ! -s conftest.err
configure:3912: $? = 0
configure:3915: test -s conftest.o
configure:3918: $? = 0
configure:3929: result: yes
configure:3884: checking for unistd.h
configure:3900: armcc -c -g  conftest.c >&5
"conftest.c", line 18: Warning: C2206W: Undefined macro 'HAVE_SYS_TYPES_H' in #if - treated as 0
"conftest.c", line 21: Warning: C2206W: Undefined macro 'HAVE_SYS_STAT_H' in #if - treated as 0
"conftest.c", line 38: Warning: C2206W: Undefined macro 'HAVE_STRINGS_H' in #if - treated as 0
"conftest.c", line 48: Warning: C2206W: Undefined macro 'HAVE_UNISTD_H' in #if - treated as 0
"conftest.c", line 52: Serious error: C2857E: #include file <unistd.h> wouldn't open
conftest.c: 4 warnings, 0 errors, 1 serious error
configure:3906: $? = 1
configure: failed program was:
| /* confdefs.h.  */
| 
| #define PACKAGE_NAME ""
| #define PACKAGE_TARNAME ""
| #define PACKAGE_VERSION ""
| #define PACKAGE_STRING ""
| #define PACKAGE_BUGREPORT ""
| #define PACKAGE "faad2"
| #define VERSION "2.0"
| #define STDC_HEADERS 1
| #define HAVE_STDLIB_H 1
| #define HAVE_STRING_H 1
| #define HAVE_INTTYPES_H 1
| #define HAVE_STDINT_H 1
| /* end confdefs.h.  */
| #include <stdio.h>
| #if HAVE_SYS_TYPES_H
| # include <sys/types.h>
| #endif
| #if HAVE_SYS_STAT_H
| # include <sys/stat.h>
| #endif
| #if STDC_HEADERS
| # include <stdlib.h>
| # include <stddef.h>
| #else
| # if HAVE_STDLIB_H
| #  include <stdlib.h>
| # endif
| #endif
| #if HAVE_STRING_H
| # if !STDC_HEADERS && HAVE_MEMORY_H
| #  include <memory.h>
| # endif
| # include <string.h>
| #endif
| #if HAVE_STRINGS_H
| # include <strings.h>
| #endif
| #if HAVE_INTTYPES_H
| # include <inttypes.h>
| #else
| # if HAVE_STDINT_H
| #  include <stdint.h>
| # endif
| #endif
| #if HAVE_UNISTD_H
| # include <unistd.h>
| #endif
| 
| #include <unistd.h>
configure:3929: result: no
configure:3955: checking dlfcn.h usability
configure:3967: armcc -c -g  conftest.c >&5
"conftest.c", line 18: Warning: C2206W: Undefined macro 'HAVE_SYS_TYPES_H' in #if - treated as 0
"conftest.c", line 21: Warning: C2206W: Undefined macro 'HAVE_SYS_STAT_H' in #if - treated as 0
"conftest.c", line 38: Warning: C2206W: Undefined macro 'HAVE_STRINGS_H' in #if - treated as 0
"conftest.c", line 48: Warning: C2206W: Undefined macro 'HAVE_UNISTD_H' in #if - treated as 0
"conftest.c", line 51: Serious error: C2857E: #include file <dlfcn.h> wouldn't open
conftest.c: 4 warnings, 0 errors, 1 serious error
configure:3973: $? = 1
configure: failed program was:
| /* confdefs.h.  */
| 
| #define PACKAGE_NAME ""
| #define PACKAGE_TARNAME ""
| #define PACKAGE_VERSION ""
| #define PACKAGE_STRING ""
| #define PACKAGE_BUGREPORT ""
| #define PACKAGE "faad2"
| #define VERSION "2.0"
| #define STDC_HEADERS 1
| #define HAVE_STDLIB_H 1
| #define HAVE_STRING_H 1
| #define HAVE_INTTYPES_H 1
| #define HAVE_STDINT_H 1
| /* end confdefs.h.  */
| #include <stdio.h>
| #if HAVE_SYS_TYPES_H
| # include <sys/types.h>
| #endif
| #if HAVE_SYS_STAT_H
| # include <sys/stat.h>
| #endif
| #if STDC_HEADERS
| # include <stdlib.h>
| # include <stddef.h>
| #else
| # if HAVE_STDLIB_H
| #  include <stdlib.h>
| # endif
| #endif
| #if HAVE_STRING_H
| # if !STDC_HEADERS && HAVE_MEMORY_H
| #  include <memory.h>
| # endif
| # include <string.h>
| #endif
| #if HAVE_STRINGS_H
| # include <strings.h>
| #endif
| #if HAVE_INTTYPES_H
| # include <inttypes.h>
| #else
| # if HAVE_STDINT_H
| #  include <stdint.h>
| # endif
| #endif
| #if HAVE_UNISTD_H
| # include <unistd.h>
| #endif
| #include <dlfcn.h>
configure:3995: result: no
configure:3999: checking dlfcn.h presence
configure:4009: armcc -E  conftest.c
"conftest.c", line 17: Serious error: C2857E: #include file <dlfcn.h> wouldn't open
conftest.c: 0 warnings, 0 errors, 1 serious error
configure:4015: $? = 1
configure: failed program was:
| /* confdefs.h.  */
| 
| #define PACKAGE_NAME ""
| #define PACKAGE_TARNAME ""
| #define PACKAGE_VERSION ""
| #define PACKAGE_STRING ""
| #define PACKAGE_BUGREPORT ""
| #define PACKAGE "faad2"
| #define VERSION "2.0"
| #define STDC_HEADERS 1
| #define HAVE_STDLIB_H 1
| #define HAVE_STRING_H 1
| #define HAVE_INTTYPES_H 1
| #define HAVE_STDINT_H 1
| /* end confdefs.h.  */
| #include <dlfcn.h>
configure:4035: result: no
configure:4070: checking for dlfcn.h
configure:4077: result: no
configure:4100: checking for arm-g++
configure:4126: result: armpcpp
configure:4184: checking for C++ compiler version
configure:4187: armpcpp --version </dev/null >&5
./configure: line 1: armpcpp: command not found
configure:4190: $? = 127
configure:4192: armpcpp -v </dev/null >&5
./configure: line 1: armpcpp: command not found
configure:4195: $? = 127
configure:4197: armpcpp -V </dev/null >&5
./configure: line 1: armpcpp: command not found
configure:4200: $? = 127
configure:4203: checking whether we are using the GNU C++ compiler
configure:4227: armpcpp -c   conftest.cc >&5
./configure: line 1: armpcpp: command not found
configure:4233: $? = 127
configure: failed program was:
| /* confdefs.h.  */
| 
| #define PACKAGE_NAME ""
| #define PACKAGE_TARNAME ""
| #define PACKAGE_VERSION ""
| #define PACKAGE_STRING ""
| #define PACKAGE_BUGREPORT ""
| #define PACKAGE "faad2"
| #define VERSION "2.0"
| #define STDC_HEADERS 1
| #define HAVE_STDLIB_H 1
| #define HAVE_STRING_H 1
| #define HAVE_INTTYPES_H 1
| #define HAVE_STDINT_H 1
| /* end confdefs.h.  */
| 
| int
| main ()
| {
| #ifndef __GNUC__
|        choke me
| #endif
| 
|   ;
|   return 0;
| }
configure:4258: result: no
configure:4264: checking whether armpcpp accepts -g
configure:4285: armpcpp -c -g  conftest.cc >&5
./configure: line 1: armpcpp: command not found
configure:4291: $? = 127
configure: failed program was:
| /* confdefs.h.  */
| 
| #define PACKAGE_NAME ""
| #define PACKAGE_TARNAME ""
| #define PACKAGE_VERSION ""
| #define PACKAGE_STRING ""
| #define PACKAGE_BUGREPORT ""
| #define PACKAGE "faad2"
| #define VERSION "2.0"
| #define STDC_HEADERS 1
| #define HAVE_STDLIB_H 1
| #define HAVE_STRING_H 1
| #define HAVE_INTTYPES_H 1
| #define HAVE_STDINT_H 1
| /* end confdefs.h.  */
| 
| int
| main ()
| {
| 
|   ;
|   return 0;
| }
configure:4314: result: no
configure:4356: armpcpp -c   conftest.cc >&5
./configure: line 1: armpcpp: command not found
configure:4362: $? = 127
configure: failed program was:
| /* confdefs.h.  */
| 
| #define PACKAGE_NAME ""
| #define PACKAGE_TARNAME ""
| #define PACKAGE_VERSION ""
| #define PACKAGE_STRING ""
| #define PACKAGE_BUGREPORT ""
| #define PACKAGE "faad2"
| #define VERSION "2.0"
| #define STDC_HEADERS 1
| #define HAVE_STDLIB_H 1
| #define HAVE_STRING_H 1
| #define HAVE_INTTYPES_H 1
| #define HAVE_STDINT_H 1
| /* end confdefs.h.  */
| 
| #include <stdlib.h>
| int
| main ()
| {
| exit (42);
|   ;
|   return 0;
| }
configure:4356: armpcpp -c   conftest.cc >&5
./configure: line 1: armpcpp: command not found
configure:4362: $? = 127
configure: failed program was:
| /* confdefs.h.  */
| 
| #define PACKAGE_NAME ""
| #define PACKAGE_TARNAME ""
| #define PACKAGE_VERSION ""
| #define PACKAGE_STRING ""
| #define PACKAGE_BUGREPORT ""
| #define PACKAGE "faad2"
| #define VERSION "2.0"
| #define STDC_HEADERS 1
| #define HAVE_STDLIB_H 1
| #define HAVE_STRING_H 1
| #define HAVE_INTTYPES_H 1
| #define HAVE_STDINT_H 1
| /* end confdefs.h.  */
| extern "C" void std::exit (int) throw (); using std::exit;
| #include <stdlib.h>
| int
| main ()
| {
| exit (42);
|   ;
|   return 0;
| }
configure:4356: armpcpp -c   conftest.cc >&5
./configure: line 1: armpcpp: command not found
configure:4362: $? = 127
configure: failed program was:
| /* confdefs.h.  */
| 
| #define PACKAGE_NAME ""
| #define PACKAGE_TARNAME ""
| #define PACKAGE_VERSION ""
| #define PACKAGE_STRING ""
| #define PACKAGE_BUGREPORT ""
| #define PACKAGE "faad2"
| #define VERSION "2.0"
| #define STDC_HEADERS 1
| #define HAVE_STDLIB_H 1
| #define HAVE_STRING_H 1
| #define HAVE_INTTYPES_H 1
| #define HAVE_STDINT_H 1
| /* end confdefs.h.  */
| extern "C" void std::exit (int); using std::exit;
| #include <stdlib.h>
| int
| main ()
| {
| exit (42);
|   ;
|   return 0;
| }
configure:4356: armpcpp -c   conftest.cc >&5
./configure: line 1: armpcpp: command not found
configure:4362: $? = 127
configure: failed program was:
| /* confdefs.h.  */
| 
| #define PACKAGE_NAME ""
| #define PACKAGE_TARNAME ""
| #define PACKAGE_VERSION ""
| #define PACKAGE_STRING ""
| #define PACKAGE_BUGREPORT ""
| #define PACKAGE "faad2"
| #define VERSION "2.0"
| #define STDC_HEADERS 1
| #define HAVE_STDLIB_H 1
| #define HAVE_STRING_H 1
| #define HAVE_INTTYPES_H 1
| #define HAVE_STDINT_H 1
| /* end confdefs.h.  */
| extern "C" void exit (int) throw ();
| #include <stdlib.h>
| int
| main ()
| {
| exit (42);
|   ;
|   return 0;
| }
configure:4356: armpcpp -c   conftest.cc >&5
./configure: line 1: armpcpp: command not found
configure:4362: $? = 127
configure: failed program was:
| /* confdefs.h.  */
| 
| #define PACKAGE_NAME ""
| #define PACKAGE_TARNAME ""
| #define PACKAGE_VERSION ""
| #define PACKAGE_STRING ""
| #define PACKAGE_BUGREPORT ""
| #define PACKAGE "faad2"
| #define VERSION "2.0"
| #define STDC_HEADERS 1
| #define HAVE_STDLIB_H 1
| #define HAVE_STRING_H 1
| #define HAVE_INTTYPES_H 1
| #define HAVE_STDINT_H 1
| /* end confdefs.h.  */
| extern "C" void exit (int);
| #include <stdlib.h>
| int
| main ()
| {
| exit (42);
|   ;
|   return 0;
| }
configure:4356: armpcpp -c   conftest.cc >&5
./configure: line 1: armpcpp: command not found
configure:4362: $? = 127
configure: failed program was:
| /* confdefs.h.  */
| 
| #define PACKAGE_NAME ""
| #define PACKAGE_TARNAME ""
| #define PACKAGE_VERSION ""
| #define PACKAGE_STRING ""
| #define PACKAGE_BUGREPORT ""
| #define PACKAGE "faad2"
| #define VERSION "2.0"
| #define STDC_HEADERS 1
| #define HAVE_STDLIB_H 1
| #define HAVE_STRING_H 1
| #define HAVE_INTTYPES_H 1
| #define HAVE_STDINT_H 1
| /* end confdefs.h.  */
| void exit (int);
| #include <stdlib.h>
| int
| main ()
| {
| exit (42);
|   ;
|   return 0;
| }
configure:4446: checking how to run the C++ preprocessor
configure:4477: armpcpp -E  conftest.cc
./configure: line 1: armpcpp: command not found
configure:4483: $? = 127
configure: failed program was:
| /* confdefs.h.  */
| 
| #define PACKAGE_NAME ""
| #define PACKAGE_TARNAME ""
| #define PACKAGE_VERSION ""
| #define PACKAGE_STRING ""
| #define PACKAGE_BUGREPORT ""
| #define PACKAGE "faad2"
| #define VERSION "2.0"
| #define STDC_HEADERS 1
| #define HAVE_STDLIB_H 1
| #define HAVE_STRING_H 1
| #define HAVE_INTTYPES_H 1
| #define HAVE_STDINT_H 1
| #ifdef __cplusplus
| void exit (int);
| #endif
| /* end confdefs.h.  */
| #ifdef __STDC__
| # include <limits.h>
| #else
| # include <assert.h>
| #endif
| 		     Syntax error
configure:4477: armpcpp -E  conftest.cc
./configure: line 1: armpcpp: command not found
configure:4483: $? = 127
configure: failed program was:
| /* confdefs.h.  */
| 
| #define PACKAGE_NAME ""
| #define PACKAGE_TARNAME ""
| #define PACKAGE_VERSION ""
| #define PACKAGE_STRING ""
| #define PACKAGE_BUGREPORT ""
| #define PACKAGE "faad2"
| #define VERSION "2.0"
| #define STDC_HEADERS 1
| #define HAVE_STDLIB_H 1
| #define HAVE_STRING_H 1
| #define HAVE_INTTYPES_H 1
| #define HAVE_STDINT_H 1
| #ifdef __cplusplus
| void exit (int);
| #endif
| /* end confdefs.h.  */
| #ifdef __STDC__
| # include <limits.h>
| #else
| # include <assert.h>
| #endif
| 		     Syntax error
configure:4477: /lib/cpp  conftest.cc
configure:4483: $? = 0
configure:4515: /lib/cpp  conftest.cc
conftest.cc:19:28: ac_nonexistent.h: No such file or directory
configure:4521: $? = 1
configure: failed program was:
| /* confdefs.h.  */
| 
| #define PACKAGE_NAME ""
| #define PACKAGE_TARNAME ""
| #define PACKAGE_VERSION ""
| #define PACKAGE_STRING ""
| #define PACKAGE_BUGREPORT ""
| #define PACKAGE "faad2"
| #define VERSION "2.0"
| #define STDC_HEADERS 1
| #define HAVE_STDLIB_H 1
| #define HAVE_STRING_H 1
| #define HAVE_INTTYPES_H 1
| #define HAVE_STDINT_H 1
| #ifdef __cplusplus
| void exit (int);
| #endif
| /* end confdefs.h.  */
| #include <ac_nonexistent.h>
configure:4560: result: /lib/cpp
configure:4584: /lib/cpp  conftest.cc
configure:4590: $? = 0
configure:4622: /lib/cpp  conftest.cc
conftest.cc:19:28: ac_nonexistent.h: No such file or directory
configure:4628: $? = 1
configure: failed program was:
| /* confdefs.h.  */
| 
| #define PACKAGE_NAME ""
| #define PACKAGE_TARNAME ""
| #define PACKAGE_VERSION ""
| #define PACKAGE_STRING ""
| #define PACKAGE_BUGREPORT ""
| #define PACKAGE "faad2"
| #define VERSION "2.0"
| #define STDC_HEADERS 1
| #define HAVE_STDLIB_H 1
| #define HAVE_STRING_H 1
| #define HAVE_INTTYPES_H 1
| #define HAVE_STDINT_H 1
| #ifdef __cplusplus
| void exit (int);
| #endif
| /* end confdefs.h.  */
| #include <ac_nonexistent.h>
configure:4681: checking for arm-g77
configure:4710: result: no
configure:4681: checking for arm-f77
configure:4710: result: no
configure:4681: checking for arm-xlf
configure:4710: result: no
configure:4681: checking for arm-frt
configure:4710: result: no
configure:4681: checking for arm-pgf77
configure:4710: result: no
configure:4681: checking for arm-fort77
configure:4710: result: no
configure:4681: checking for arm-fl32
configure:4710: result: no
configure:4681: checking for arm-af77
configure:4710: result: no
configure:4681: checking for arm-f90
configure:4710: result: no
configure:4681: checking for arm-xlf90
configure:4710: result: no
configure:4681: checking for arm-pgf90
configure:4710: result: no
configure:4681: checking for arm-epcf90
configure:4710: result: no
configure:4681: checking for arm-f95
configure:4710: result: no
configure:4681: checking for arm-fort
configure:4710: result: no
configure:4681: checking for arm-xlf95
configure:4710: result: no
configure:4681: checking for arm-ifc
configure:4710: result: no
configure:4681: checking for arm-efc
configure:4710: result: no
configure:4681: checking for arm-pgf95
configure:4710: result: no
configure:4681: checking for arm-lf95
configure:4710: result: no
configure:4681: checking for arm-gfortran
configure:4710: result: no
configure:4723: checking for g77
configure:4739: found /usr/bin/g77
configure:4749: result: g77
configure:4767: checking for Fortran 77 compiler version
configure:4767: g77 --version </dev/null >&5
GNU Fortran (GCC) 3.3.5 (Debian 1:3.3.5-12)
Copyright (C) 2002 Free Software Foundation, Inc.

GNU Fortran comes with NO WARRANTY, to the extent permitted by law.
You may redistribute copies of GNU Fortran
under the terms of the GNU General Public License.
For more information about these matters, see the file named COPYING
or type the command `info -f g77 Copying'.
configure:4770: $? = 0
configure:4772: g77 -v </dev/null >&5
Reading specs from /usr/lib/gcc-lib/i486-linux/3.3.5/specs
Configured with: ../src/configure -v --enable-languages=c,c++,java,f77,pascal,objc,ada,treelang --prefix=/usr --mandir=/usr/share/man --infodir=/usr/share/info --with-gxx-include-dir=/usr/include/c++/3.3 --enable-shared --enable-__cxa_atexit --with-system-zlib --enable-nls --without-included-gettext --enable-clocale=gnu --enable-debug --enable-java-gc=boehm --enable-java-awt=xlib --enable-objc-gc i486-linux
Thread model: posix
gcc version 3.3.5 (Debian 1:3.3.5-12)
configure:4775: $? = 0
configure:4777: g77 -V </dev/null >&5
g77: `-V' option must have argument
configure:4780: $? = 1
configure:4788: checking whether we are using the GNU Fortran 77 compiler
configure:4802: g77 -c  conftest.F >&5
configure:4808: $? = 0
configure:4811: test -z 			 || test ! -s conftest.err
configure:4814: $? = 0
configure:4817: test -s conftest.o
configure:4820: $? = 0
configure:4833: result: yes
configure:4839: checking whether g77 accepts -g
configure:4851: g77 -c -g conftest.f >&5
configure:4857: $? = 0
configure:4860: test -z 			 || test ! -s conftest.err
configure:4863: $? = 0
configure:4866: test -s conftest.o
configure:4869: $? = 0
configure:4881: result: yes
configure:4911: checking the maximum length of command line arguments
configure:4976: result: 32768
configure:4987: checking command to parse nm output from armcc object
configure:5076: armcc -c -g  conftest.c >&5
configure:5079: $? = 0
configure:5083: nm conftest.o \| sed -n -e 's/^.*[ 	]\([ABCDGIRSTW][ABCDGIRSTW]*\)[ 	][ 	]*\(\)\([_A-Za-z][_A-Za-z0-9]*\)$/\1 \2\3 \3/p' \> conftest.nm
configure:5086: $? = 0
configure:5138: armcc -o conftest -g   conftest.c conftstm.o >&5
configure:5141: $? = 0
configure:5179: result: ok
configure:5183: checking for objdir
configure:5198: result: .libs
configure:5250: checking for arm-ar
configure:5279: result: no
configure:5288: checking for ar
configure:5304: found /usr/bin/ar
configure:5315: result: ar
configure:5330: checking for arm-ranlib
configure:5359: result: no
configure:5368: checking for ranlib
configure:5384: found /usr/bin/ranlib
configure:5395: result: ranlib
configure:5410: checking for arm-strip
configure:5439: result: no
configure:5448: checking for strip
configure:5464: found /usr/bin/strip
configure:5475: result: strip
configure:5737: checking if armcc static flag  works
configure:5760: result: yes
configure:5826: checking for armcc option to produce PIC
configure:6003: result: 
configure:6068: checking if armcc supports -c -o file.o
configure:6092: armcc -c -g  -o out/conftest2.o conftest.c >&5
configure:6096: $? = 0
configure:6113: result: yes
configure:6139: checking whether the armcc linker (armlink) supports shared libraries
configure:6986: result: no
configure:7057: checking dynamic linker characteristics
configure:7609: result: no
configure:7613: checking how to hardcode library paths into programs
configure:7638: result: immediate
configure:7652: checking whether stripping libraries is possible
configure:7657: result: yes
configure:8480: checking if libtool supports shared libraries
configure:8482: result: no
configure:8485: checking whether to build shared libraries
configure:8543: result: no
configure:8546: checking whether to build static libraries
configure:8550: result: yes
configure:8642: creating libtool
configure:9331: checking whether the armpcpp linker (armlink) supports shared libraries
configure:10157: result: no
configure:10175: armpcpp -c   conftest.cc >&5
./configure: line 1: armpcpp: command not found
configure:10178: $? = 127
configure:10274: checking for armpcpp option to produce PIC
configure:10526: result: 
configure:10591: checking if armpcpp supports -c -o file.o
configure:10615: armpcpp -c   -o out/conftest2.o conftest.cc >&5
./configure: line 1: armpcpp: command not found
configure:10619: $? = 127
configure:10636: result: no
configure:10662: checking whether the armpcpp linker (armlink) supports shared libraries
configure:10690: result: no
configure:10761: checking dynamic linker characteristics
configure:11313: result: no
configure:11317: checking how to hardcode library paths into programs
configure:11342: result: immediate
configure:11356: checking whether stripping libraries is possible
configure:11361: result: yes
configure:12661: checking if libtool supports shared libraries
configure:12663: result: no
configure:12666: checking whether to build shared libraries
configure:12684: result: no
configure:12687: checking whether to build static libraries
configure:12691: result: yes
configure:12703: checking for g77 option to produce PIC
configure:12880: result: 
configure:12945: checking if g77 supports -c -o file.o
configure:12969: g77 -c -g -O2 -o out/conftest2.o conftest.f >&5
configure:12973: $? = 0
configure:12990: result: yes
configure:13016: checking whether the g77 linker (armlink) supports shared libraries
configure:13843: result: no
configure:13914: checking dynamic linker characteristics
configure:14466: result: no
configure:14470: checking how to hardcode library paths into programs
configure:14495: result: immediate
configure:14509: checking whether stripping libraries is possible
configure:14514: result: yes
configure:18614: checking for arm-gcc
configure:18640: result: armcc
configure:18922: checking for C compiler version
configure:18925: armcc --version </dev/null >&5
Error: C3062E: unknown option '--version'
configure:18928: $? = 1
configure:18930: armcc -v </dev/null >&5
Error: C3056E: bad option '-v'
configure:18933: $? = 1
configure:18935: armcc -V </dev/null >&5
Error: C3056E: bad option '-V'
configure:18938: $? = 1
configure:18941: checking whether we are using the GNU C compiler
configure:18996: result: no
configure:19002: checking whether armcc accepts -g
configure:19052: result: yes
configure:19069: checking for armcc option to accept ANSI C
configure:19175: result: none needed
configure:19193: armcc -c -g  conftest.c >&5
"conftest.c", line 3: Error: C2225W: declaration lacks type/storage-class (assuming 'int'): 'choke'
"conftest.c", line 3: Error: C2285E: expected ';' or ',' - inserted ';' before 'me'
"conftest.c", line 4: Error: C2225W: declaration lacks type/storage-class (assuming 'int'): 'me'
"conftest.c", line 4: Error: C2285E: expected ';' or ',' - inserted ';' before '<eof>'
conftest.c: 0 warnings, 4 errors, 0 serious errors
configure:19199: $? = 1
configure: failed program was:
| #ifndef __cplusplus
|   choke me
| #endif
configure:19334: checking how to run the C preprocessor
configure:19452: result: armcc -E
configure:19476: armcc -E  conftest.c
configure:19482: $? = 0
configure:19514: armcc -E  conftest.c
"conftest.c", line 20: Serious error: C2857E: #include file <ac_nonexistent.h> wouldn't open
conftest.c: 0 warnings, 0 errors, 1 serious error
configure:19520: $? = 1
configure: failed program was:
| /* confdefs.h.  */
| 
| #define PACKAGE_NAME ""
| #define PACKAGE_TARNAME ""
| #define PACKAGE_VERSION ""
| #define PACKAGE_STRING ""
| #define PACKAGE_BUGREPORT ""
| #define PACKAGE "faad2"
| #define VERSION "2.0"
| #define STDC_HEADERS 1
| #define HAVE_STDLIB_H 1
| #define HAVE_STRING_H 1
| #define HAVE_INTTYPES_H 1
| #define HAVE_STDINT_H 1
| #ifdef __cplusplus
| void exit (int);
| #endif
| /* end confdefs.h.  */
| #include <ac_nonexistent.h>
configure:19576: checking for a BSD-compatible install
configure:19631: result: /usr/bin/install -c
configure:19642: checking whether ln -s works
configure:19646: result: yes
configure:19653: checking whether make sets $(MAKE)
configure:19673: result: yes
configure:19686: checking for rpmbuild
configure:19702: found /usr/bin/rpmbuild
configure:19712: result: rpmbuild
configure:19758: checking for ANSI C header files
configure:19910: result: yes
configure:19926: checking for stdint.h
configure:19931: result: yes
configure:19926: checking for inttypes.h
configure:19931: result: yes
configure:20084: checking mathf.h usability
configure:20096: armcc -c -g  conftest.c >&5
"conftest.c", line 24: Warning: C2206W: Undefined macro 'HAVE_SYS_TYPES_H' in #if - treated as 0
"conftest.c", line 27: Warning: C2206W: Undefined macro 'HAVE_SYS_STAT_H' in #if - treated as 0
"conftest.c", line 44: Warning: C2206W: Undefined macro 'HAVE_STRINGS_H' in #if - treated as 0
"conftest.c", line 54: Warning: C2206W: Undefined macro 'HAVE_UNISTD_H' in #if - treated as 0
"conftest.c", line 57: Serious error: C2857E: #include file <mathf.h> wouldn't open
conftest.c: 4 warnings, 0 errors, 1 serious error
configure:20102: $? = 1
configure: failed program was:
| /* confdefs.h.  */
| 
| #define PACKAGE_NAME ""
| #define PACKAGE_TARNAME ""
| #define PACKAGE_VERSION ""
| #define PACKAGE_STRING ""
| #define PACKAGE_BUGREPORT ""
| #define PACKAGE "faad2"
| #define VERSION "2.0"
| #define STDC_HEADERS 1
| #define HAVE_STDLIB_H 1
| #define HAVE_STRING_H 1
| #define HAVE_INTTYPES_H 1
| #define HAVE_STDINT_H 1
| #ifdef __cplusplus
| void exit (int);
| #endif
| #define STDC_HEADERS 1
| #define HAVE_STDINT_H 1
| #define HAVE_INTTYPES_H 1
| /* end confdefs.h.  */
| #include <stdio.h>
| #if HAVE_SYS_TYPES_H
| # include <sys/types.h>
| #endif
| #if HAVE_SYS_STAT_H
| # include <sys/stat.h>
| #endif
| #if STDC_HEADERS
| # include <stdlib.h>
| # include <stddef.h>
| #else
| # if HAVE_STDLIB_H
| #  include <stdlib.h>
| # endif
| #endif
| #if HAVE_STRING_H
| # if !STDC_HEADERS && HAVE_MEMORY_H
| #  include <memory.h>
| # endif
| # include <string.h>
| #endif
| #if HAVE_STRINGS_H
| # include <strings.h>
| #endif
| #if HAVE_INTTYPES_H
| # include <inttypes.h>
| #else
| # if HAVE_STDINT_H
| #  include <stdint.h>
| # endif
| #endif
| #if HAVE_UNISTD_H
| # include <unistd.h>
| #endif
| #include <mathf.h>
configure:20124: result: no
configure:20128: checking mathf.h presence
configure:20138: armcc -E  conftest.c
"conftest.c", line 23: Serious error: C2857E: #include file <mathf.h> wouldn't open
conftest.c: 0 warnings, 0 errors, 1 serious error
configure:20144: $? = 1
configure: failed program was:
| /* confdefs.h.  */
| 
| #define PACKAGE_NAME ""
| #define PACKAGE_TARNAME ""
| #define PACKAGE_VERSION ""
| #define PACKAGE_STRING ""
| #define PACKAGE_BUGREPORT ""
| #define PACKAGE "faad2"
| #define VERSION "2.0"
| #define STDC_HEADERS 1
| #define HAVE_STDLIB_H 1
| #define HAVE_STRING_H 1
| #define HAVE_INTTYPES_H 1
| #define HAVE_STDINT_H 1
| #ifdef __cplusplus
| void exit (int);
| #endif
| #define STDC_HEADERS 1
| #define HAVE_STDINT_H 1
| #define HAVE_INTTYPES_H 1
| /* end confdefs.h.  */
| #include <mathf.h>
configure:20164: result: no
configure:20199: checking for mathf.h
configure:20206: result: no
configure:20233: checking float.h usability
configure:20245: armcc -c -g  conftest.c >&5
"conftest.c", line 24: Warning: C2206W: Undefined macro 'HAVE_SYS_TYPES_H' in #if - treated as 0
"conftest.c", line 27: Warning: C2206W: Undefined macro 'HAVE_SYS_STAT_H' in #if - treated as 0
"conftest.c", line 44: Warning: C2206W: Undefined macro 'HAVE_STRINGS_H' in #if - treated as 0
"conftest.c", line 54: Warning: C2206W: Undefined macro 'HAVE_UNISTD_H' in #if - treated as 0
conftest.c: 4 warnings, 0 errors, 0 serious errors
configure:20251: $? = 0
configure:20254: test -z 			 || test ! -s conftest.err
configure:20257: $? = 0
configure:20260: test -s conftest.o
configure:20263: $? = 0
configure:20273: result: yes
configure:20277: checking float.h presence
configure:20287: armcc -E  conftest.c
configure:20293: $? = 0
configure:20313: result: yes
configure:20348: checking for float.h
configure:20355: result: yes
configure:20373: checking for strchr
configure:20430: armcc -o conftest -g   conftest.c  >&5
"conftest.c", line 47: Warning: C2215W: Deprecated declaration strchr() - give arg types
conftest.c: 1 warning, 0 errors, 0 serious errors
configure:20436: $? = 0
configure:20439: test -z 			 || test ! -s conftest.err
configure:20442: $? = 0
configure:20445: test -s conftest
configure:20448: $? = 0
configure:20460: result: yes
configure:20373: checking for memcpy
configure:20430: armcc -o conftest -g   conftest.c  >&5
"conftest.c", line 48: Warning: C2215W: Deprecated declaration memcpy() - give arg types
conftest.c: 1 warning, 0 errors, 0 serious errors
configure:20436: $? = 0
configure:20439: test -z 			 || test ! -s conftest.err
configure:20442: $? = 0
configure:20445: test -s conftest
configure:20448: $? = 0
configure:20460: result: yes
configure:20484: checking sys/time.h usability
configure:20496: armcc -c -g  conftest.c >&5
"conftest.c", line 27: Warning: C2206W: Undefined macro 'HAVE_SYS_TYPES_H' in #if - treated as 0
"conftest.c", line 30: Warning: C2206W: Undefined macro 'HAVE_SYS_STAT_H' in #if - treated as 0
"conftest.c", line 47: Warning: C2206W: Undefined macro 'HAVE_STRINGS_H' in #if - treated as 0
"conftest.c", line 57: Warning: C2206W: Undefined macro 'HAVE_UNISTD_H' in #if - treated as 0
"conftest.c", line 60: Serious error: C2857E: #include file <sys/time.h> wouldn't open
conftest.c: 4 warnings, 0 errors, 1 serious error
configure:20502: $? = 1
configure: failed program was:
| /* confdefs.h.  */
| 
| #define PACKAGE_NAME ""
| #define PACKAGE_TARNAME ""
| #define PACKAGE_VERSION ""
| #define PACKAGE_STRING ""
| #define PACKAGE_BUGREPORT ""
| #define PACKAGE "faad2"
| #define VERSION "2.0"
| #define STDC_HEADERS 1
| #define HAVE_STDLIB_H 1
| #define HAVE_STRING_H 1
| #define HAVE_INTTYPES_H 1
| #define HAVE_STDINT_H 1
| #ifdef __cplusplus
| void exit (int);
| #endif
| #define STDC_HEADERS 1
| #define HAVE_STDINT_H 1
| #define HAVE_INTTYPES_H 1
| #define HAVE_FLOAT_H 1
| #define HAVE_STRCHR 1
| #define HAVE_MEMCPY 1
| /* end confdefs.h.  */
| #include <stdio.h>
| #if HAVE_SYS_TYPES_H
| # include <sys/types.h>
| #endif
| #if HAVE_SYS_STAT_H
| # include <sys/stat.h>
| #endif
| #if STDC_HEADERS
| # include <stdlib.h>
| # include <stddef.h>
| #else
| # if HAVE_STDLIB_H
| #  include <stdlib.h>
| # endif
| #endif
| #if HAVE_STRING_H
| # if !STDC_HEADERS && HAVE_MEMORY_H
| #  include <memory.h>
| # endif
| # include <string.h>
| #endif
| #if HAVE_STRINGS_H
| # include <strings.h>
| #endif
| #if HAVE_INTTYPES_H
| # include <inttypes.h>
| #else
| # if HAVE_STDINT_H
| #  include <stdint.h>
| # endif
| #endif
| #if HAVE_UNISTD_H
| # include <unistd.h>
| #endif
| #include <sys/time.h>
configure:20524: result: no
configure:20528: checking sys/time.h presence
configure:20538: armcc -E  conftest.c
"conftest.c", line 26: Serious error: C2857E: #include file <sys/time.h> wouldn't open
conftest.c: 0 warnings, 0 errors, 1 serious error
configure:20544: $? = 1
configure: failed program was:
| /* confdefs.h.  */
| 
| #define PACKAGE_NAME ""
| #define PACKAGE_TARNAME ""
| #define PACKAGE_VERSION ""
| #define PACKAGE_STRING ""
| #define PACKAGE_BUGREPORT ""
| #define PACKAGE "faad2"
| #define VERSION "2.0"
| #define STDC_HEADERS 1
| #define HAVE_STDLIB_H 1
| #define HAVE_STRING_H 1
| #define HAVE_INTTYPES_H 1
| #define HAVE_STDINT_H 1
| #ifdef __cplusplus
| void exit (int);
| #endif
| #define STDC_HEADERS 1
| #define HAVE_STDINT_H 1
| #define HAVE_INTTYPES_H 1
| #define HAVE_FLOAT_H 1
| #define HAVE_STRCHR 1
| #define HAVE_MEMCPY 1
| /* end confdefs.h.  */
| #include <sys/time.h>
configure:20564: result: no
configure:20599: checking for sys/time.h
configure:20606: result: no
configure:20619: checking whether time.h and sys/time.h may both be included
configure:20644: armcc -c -g  conftest.c >&5
"conftest.c", line 26: Serious error: C2857E: #include file <sys/types.h> wouldn't open
"conftest.c", line 27: Serious error: C2857E: #include file <sys/time.h> wouldn't open
conftest.c: 0 warnings, 0 errors, 2 serious errors
configure:20650: $? = 1
configure: failed program was:
| /* confdefs.h.  */
| 
| #define PACKAGE_NAME ""
| #define PACKAGE_TARNAME ""
| #define PACKAGE_VERSION ""
| #define PACKAGE_STRING ""
| #define PACKAGE_BUGREPORT ""
| #define PACKAGE "faad2"
| #define VERSION "2.0"
| #define STDC_HEADERS 1
| #define HAVE_STDLIB_H 1
| #define HAVE_STRING_H 1
| #define HAVE_INTTYPES_H 1
| #define HAVE_STDINT_H 1
| #ifdef __cplusplus
| void exit (int);
| #endif
| #define STDC_HEADERS 1
| #define HAVE_STDINT_H 1
| #define HAVE_INTTYPES_H 1
| #define HAVE_FLOAT_H 1
| #define HAVE_STRCHR 1
| #define HAVE_MEMCPY 1
| /* end confdefs.h.  */
| #include <sys/types.h>
| #include <sys/time.h>
| #include <time.h>
| 
| int
| main ()
| {
| if ((struct tm *) 0)
| return 0;
|   ;
|   return 0;
| }
configure:20673: result: no
configure:20701: checking errno.h usability
configure:20713: armcc -c -g  conftest.c >&5
"conftest.c", line 27: Warning: C2206W: Undefined macro 'HAVE_SYS_TYPES_H' in #if - treated as 0
"conftest.c", line 30: Warning: C2206W: Undefined macro 'HAVE_SYS_STAT_H' in #if - treated as 0
"conftest.c", line 47: Warning: C2206W: Undefined macro 'HAVE_STRINGS_H' in #if - treated as 0
"conftest.c", line 57: Warning: C2206W: Undefined macro 'HAVE_UNISTD_H' in #if - treated as 0
conftest.c: 4 warnings, 0 errors, 0 serious errors
configure:20719: $? = 0
configure:20722: test -z 			 || test ! -s conftest.err
configure:20725: $? = 0
configure:20728: test -s conftest.o
configure:20731: $? = 0
configure:20741: result: yes
configure:20745: checking errno.h presence
configure:20755: armcc -E  conftest.c
configure:20761: $? = 0
configure:20781: result: yes
configure:20816: checking for errno.h
configure:20823: result: yes
configure:20692: checking for sys/stat.h
configure:20697: result: no
configure:20692: checking for sys/types.h
configure:20697: result: no
configure:20701: checking limits.h usability
configure:20713: armcc -c -g  conftest.c >&5
"conftest.c", line 28: Warning: C2206W: Undefined macro 'HAVE_SYS_TYPES_H' in #if - treated as 0
"conftest.c", line 31: Warning: C2206W: Undefined macro 'HAVE_SYS_STAT_H' in #if - treated as 0
"conftest.c", line 48: Warning: C2206W: Undefined macro 'HAVE_STRINGS_H' in #if - treated as 0
"conftest.c", line 58: Warning: C2206W: Undefined macro 'HAVE_UNISTD_H' in #if - treated as 0
conftest.c: 4 warnings, 0 errors, 0 serious errors
configure:20719: $? = 0
configure:20722: test -z 			 || test ! -s conftest.err
configure:20725: $? = 0
configure:20728: test -s conftest.o
configure:20731: $? = 0
configure:20741: result: yes
configure:20745: checking limits.h presence
configure:20755: armcc -E  conftest.c
configure:20761: $? = 0
configure:20781: result: yes
configure:20816: checking for limits.h
configure:20823: result: yes
configure:20850: checking sysfs/libsysfs.h usability
configure:20862: armcc -c -g  conftest.c >&5
"conftest.c", line 29: Warning: C2206W: Undefined macro 'HAVE_SYS_TYPES_H' in #if - treated as 0
"conftest.c", line 32: Warning: C2206W: Undefined macro 'HAVE_SYS_STAT_H' in #if - treated as 0
"conftest.c", line 49: Warning: C2206W: Undefined macro 'HAVE_STRINGS_H' in #if - treated as 0
"conftest.c", line 59: Warning: C2206W: Undefined macro 'HAVE_UNISTD_H' in #if - treated as 0
"conftest.c", line 62: Serious error: C2857E: #include file <sysfs/libsysfs.h> wouldn't open
conftest.c: 4 warnings, 0 errors, 1 serious error
configure:20868: $? = 1
configure: failed program was:
| /* confdefs.h.  */
| 
| #define PACKAGE_NAME ""
| #define PACKAGE_TARNAME ""
| #define PACKAGE_VERSION ""
| #define PACKAGE_STRING ""
| #define PACKAGE_BUGREPORT ""
| #define PACKAGE "faad2"
| #define VERSION "2.0"
| #define STDC_HEADERS 1
| #define HAVE_STDLIB_H 1
| #define HAVE_STRING_H 1
| #define HAVE_INTTYPES_H 1
| #define HAVE_STDINT_H 1
| #ifdef __cplusplus
| void exit (int);
| #endif
| #define STDC_HEADERS 1
| #define HAVE_STDINT_H 1
| #define HAVE_INTTYPES_H 1
| #define HAVE_FLOAT_H 1
| #define HAVE_STRCHR 1
| #define HAVE_MEMCPY 1
| #define HAVE_ERRNO_H 1
| #define HAVE_LIMITS_H 1
| /* end confdefs.h.  */
| #include <stdio.h>
| #if HAVE_SYS_TYPES_H
| # include <sys/types.h>
| #endif
| #if HAVE_SYS_STAT_H
| # include <sys/stat.h>
| #endif
| #if STDC_HEADERS
| # include <stdlib.h>
| # include <stddef.h>
| #else
| # if HAVE_STDLIB_H
| #  include <stdlib.h>
| # endif
| #endif
| #if HAVE_STRING_H
| # if !STDC_HEADERS && HAVE_MEMORY_H
| #  include <memory.h>
| # endif
| # include <string.h>
| #endif
| #if HAVE_STRINGS_H
| # include <strings.h>
| #endif
| #if HAVE_INTTYPES_H
| # include <inttypes.h>
| #else
| # if HAVE_STDINT_H
| #  include <stdint.h>
| # endif
| #endif
| #if HAVE_UNISTD_H
| # include <unistd.h>
| #endif
| #include <sysfs/libsysfs.h>
configure:20890: result: no
configure:20894: checking sysfs/libsysfs.h presence
configure:20904: armcc -E  conftest.c
"conftest.c", line 28: Serious error: C2857E: #include file <sysfs/libsysfs.h> wouldn't open
conftest.c: 0 warnings, 0 errors, 1 serious error
configure:20910: $? = 1
configure: failed program was:
| /* confdefs.h.  */
| 
| #define PACKAGE_NAME ""
| #define PACKAGE_TARNAME ""
| #define PACKAGE_VERSION ""
| #define PACKAGE_STRING ""
| #define PACKAGE_BUGREPORT ""
| #define PACKAGE "faad2"
| #define VERSION "2.0"
| #define STDC_HEADERS 1
| #define HAVE_STDLIB_H 1
| #define HAVE_STRING_H 1
| #define HAVE_INTTYPES_H 1
| #define HAVE_STDINT_H 1
| #ifdef __cplusplus
| void exit (int);
| #endif
| #define STDC_HEADERS 1
| #define HAVE_STDINT_H 1
| #define HAVE_INTTYPES_H 1
| #define HAVE_FLOAT_H 1
| #define HAVE_STRCHR 1
| #define HAVE_MEMCPY 1
| #define HAVE_ERRNO_H 1
| #define HAVE_LIMITS_H 1
| /* end confdefs.h.  */
| #include <sysfs/libsysfs.h>
configure:20930: result: no
configure:20965: checking for sysfs/libsysfs.h
configure:20972: result: no
configure:20999: checking IOKit/IOKitLib.h usability
configure:21011: armcc -c -g  conftest.c >&5
"conftest.c", line 29: Warning: C2206W: Undefined macro 'HAVE_SYS_TYPES_H' in #if - treated as 0
"conftest.c", line 32: Warning: C2206W: Undefined macro 'HAVE_SYS_STAT_H' in #if - treated as 0
"conftest.c", line 49: Warning: C2206W: Undefined macro 'HAVE_STRINGS_H' in #if - treated as 0
"conftest.c", line 59: Warning: C2206W: Undefined macro 'HAVE_UNISTD_H' in #if - treated as 0
"conftest.c", line 62: Serious error: C2857E: #include file <IOKit/IOKitLib.h> wouldn't open
conftest.c: 4 warnings, 0 errors, 1 serious error
configure:21017: $? = 1
configure: failed program was:
| /* confdefs.h.  */
| 
| #define PACKAGE_NAME ""
| #define PACKAGE_TARNAME ""
| #define PACKAGE_VERSION ""
| #define PACKAGE_STRING ""
| #define PACKAGE_BUGREPORT ""
| #define PACKAGE "faad2"
| #define VERSION "2.0"
| #define STDC_HEADERS 1
| #define HAVE_STDLIB_H 1
| #define HAVE_STRING_H 1
| #define HAVE_INTTYPES_H 1
| #define HAVE_STDINT_H 1
| #ifdef __cplusplus
| void exit (int);
| #endif
| #define STDC_HEADERS 1
| #define HAVE_STDINT_H 1
| #define HAVE_INTTYPES_H 1
| #define HAVE_FLOAT_H 1
| #define HAVE_STRCHR 1
| #define HAVE_MEMCPY 1
| #define HAVE_ERRNO_H 1
| #define HAVE_LIMITS_H 1
| /* end confdefs.h.  */
| #include <stdio.h>
| #if HAVE_SYS_TYPES_H
| # include <sys/types.h>
| #endif
| #if HAVE_SYS_STAT_H
| # include <sys/stat.h>
| #endif
| #if STDC_HEADERS
| # include <stdlib.h>
| # include <stddef.h>
| #else
| # if HAVE_STDLIB_H
| #  include <stdlib.h>
| # endif
| #endif
| #if HAVE_STRING_H
| # if !STDC_HEADERS && HAVE_MEMORY_H
| #  include <memory.h>
| # endif
| # include <string.h>
| #endif
| #if HAVE_STRINGS_H
| # include <strings.h>
| #endif
| #if HAVE_INTTYPES_H
| # include <inttypes.h>
| #else
| # if HAVE_STDINT_H
| #  include <stdint.h>
| # endif
| #endif
| #if HAVE_UNISTD_H
| # include <unistd.h>
| #endif
| #include <IOKit/IOKitLib.h>
configure:21039: result: no
configure:21043: checking IOKit/IOKitLib.h presence
configure:21053: armcc -E  conftest.c
"conftest.c", line 28: Serious error: C2857E: #include file <IOKit/IOKitLib.h> wouldn't open
conftest.c: 0 warnings, 0 errors, 1 serious error
configure:21059: $? = 1
configure: failed program was:
| /* confdefs.h.  */
| 
| #define PACKAGE_NAME ""
| #define PACKAGE_TARNAME ""
| #define PACKAGE_VERSION ""
| #define PACKAGE_STRING ""
| #define PACKAGE_BUGREPORT ""
| #define PACKAGE "faad2"
| #define VERSION "2.0"
| #define STDC_HEADERS 1
| #define HAVE_STDLIB_H 1
| #define HAVE_STRING_H 1
| #define HAVE_INTTYPES_H 1
| #define HAVE_STDINT_H 1
| #ifdef __cplusplus
| void exit (int);
| #endif
| #define STDC_HEADERS 1
| #define HAVE_STDINT_H 1
| #define HAVE_INTTYPES_H 1
| #define HAVE_FLOAT_H 1
| #define HAVE_STRCHR 1
| #define HAVE_MEMCPY 1
| #define HAVE_ERRNO_H 1
| #define HAVE_LIMITS_H 1
| /* end confdefs.h.  */
| #include <IOKit/IOKitLib.h>
configure:21079: result: no
configure:21114: checking for IOKit/IOKitLib.h
configure:21121: result: no
configure:21204: checking for getpwuid
configure:21261: armcc -o conftest -g   conftest.c  >&5
"conftest.c", line 51: Warning: C2215W: Deprecated declaration getpwuid() - give arg types
conftest.c: 1 warning, 0 errors, 0 serious errors
Error: L6218E: Undefined symbol getpwuid (referred from conftest.o).
Finished: 0 information, 0 warning and 1 error messages.
configure:21267: $? = 1
configure: failed program was:
| /* confdefs.h.  */
| 
| #define PACKAGE_NAME ""
| #define PACKAGE_TARNAME ""
| #define PACKAGE_VERSION ""
| #define PACKAGE_STRING ""
| #define PACKAGE_BUGREPORT ""
| #define PACKAGE "faad2"
| #define VERSION "2.0"
| #define STDC_HEADERS 1
| #define HAVE_STDLIB_H 1
| #define HAVE_STRING_H 1
| #define HAVE_INTTYPES_H 1
| #define HAVE_STDINT_H 1
| #ifdef __cplusplus
| void exit (int);
| #endif
| #define STDC_HEADERS 1
| #define HAVE_STDINT_H 1
| #define HAVE_INTTYPES_H 1
| #define HAVE_FLOAT_H 1
| #define HAVE_STRCHR 1
| #define HAVE_MEMCPY 1
| #define HAVE_ERRNO_H 1
| #define HAVE_LIMITS_H 1
| /* end confdefs.h.  */
| /* Define getpwuid to an innocuous variant, in case <limits.h> declares getpwuid.
|    For example, HP-UX 11i <limits.h> declares gettimeofday.  */
| #define getpwuid innocuous_getpwuid
| 
| /* System header to define __stub macros and hopefully few prototypes,
|     which can conflict with char getpwuid (); below.
|     Prefer <limits.h> to <assert.h> if __STDC__ is defined, since
|     <limits.h> exists even on freestanding compilers.  */
| 
| #ifdef __STDC__
| # include <limits.h>
| #else
| # include <assert.h>
| #endif
| 
| #undef getpwuid
| 
| /* Override any gcc2 internal prototype to avoid an error.  */
| #ifdef __cplusplus
| extern "C"
| {
| #endif
| /* We use char because int might match the return type of a gcc2
|    builtin and then its argument prototype would still apply.  */
| char getpwuid ();
| /* The GNU C library defines this for functions which it implements
|     to always fail with ENOSYS.  Some functions are actually named
|     something starting with __ and the normal name is an alias.  */
| #if defined (__stub_getpwuid) || defined (__stub___getpwuid)
| choke me
| #else
| char (*f) () = getpwuid;
| #endif
| #ifdef __cplusplus
| }
| #endif
| 
| int
| main ()
| {
| return f != getpwuid;
|   ;
|   return 0;
| }
configure:21291: result: no
configure:21302: checking for inline
configure:21323: armcc -c -g  conftest.c >&5
"conftest.c", line 29: Error: C2285E: expected ';' or ',' - inserted ';' before 'foo_t'
"conftest.c", line 30: Error: C2991E: linkage disagreement for 'inline' - treated as 'static'
"conftest.c", line 30: Error: C2225W: declaration lacks type/storage-class (assuming 'int'): 'inline'
"conftest.c", line 30: Error: C2285E: expected ';' or ',' - inserted ';' before 'foo_t'
"conftest.c", line 33: Warning: C2871W: static 'inline' declared but not used
conftest.c: 1 warning, 4 errors, 0 serious errors
configure:21329: $? = 1
configure: failed program was:
| /* confdefs.h.  */
| 
| #define PACKAGE_NAME ""
| #define PACKAGE_TARNAME ""
| #define PACKAGE_VERSION ""
| #define PACKAGE_STRING ""
| #define PACKAGE_BUGREPORT ""
| #define PACKAGE "faad2"
| #define VERSION "2.0"
| #define STDC_HEADERS 1
| #define HAVE_STDLIB_H 1
| #define HAVE_STRING_H 1
| #define HAVE_INTTYPES_H 1
| #define HAVE_STDINT_H 1
| #ifdef __cplusplus
| void exit (int);
| #endif
| #define STDC_HEADERS 1
| #define HAVE_STDINT_H 1
| #define HAVE_INTTYPES_H 1
| #define HAVE_FLOAT_H 1
| #define HAVE_STRCHR 1
| #define HAVE_MEMCPY 1
| #define HAVE_ERRNO_H 1
| #define HAVE_LIMITS_H 1
| /* end confdefs.h.  */
| #ifndef __cplusplus
| typedef int foo_t;
| static inline foo_t static_foo () {return 0; }
| inline foo_t foo () {return 0; }
| #endif
| 
configure:21323: armcc -c -g  conftest.c >&5
"conftest.c", line 29: Error: C2285E: expected ';' or ',' - inserted ';' before 'foo_t'
"conftest.c", line 30: Error: C2991E: linkage disagreement for '__inline__' - treated as 'static'
"conftest.c", line 30: Error: C2225W: declaration lacks type/storage-class (assuming 'int'): '__inline__'
"conftest.c", line 30: Error: C2285E: expected ';' or ',' - inserted ';' before 'foo_t'
"conftest.c", line 33: Warning: C2871W: static '__inline__' declared but not used
conftest.c: 1 warning, 4 errors, 0 serious errors
configure:21329: $? = 1
configure: failed program was:
| /* confdefs.h.  */
| 
| #define PACKAGE_NAME ""
| #define PACKAGE_TARNAME ""
| #define PACKAGE_VERSION ""
| #define PACKAGE_STRING ""
| #define PACKAGE_BUGREPORT ""
| #define PACKAGE "faad2"
| #define VERSION "2.0"
| #define STDC_HEADERS 1
| #define HAVE_STDLIB_H 1
| #define HAVE_STRING_H 1
| #define HAVE_INTTYPES_H 1
| #define HAVE_STDINT_H 1
| #ifdef __cplusplus
| void exit (int);
| #endif
| #define STDC_HEADERS 1
| #define HAVE_STDINT_H 1
| #define HAVE_INTTYPES_H 1
| #define HAVE_FLOAT_H 1
| #define HAVE_STRCHR 1
| #define HAVE_MEMCPY 1
| #define HAVE_ERRNO_H 1
| #define HAVE_LIMITS_H 1
| /* end confdefs.h.  */
| #ifndef __cplusplus
| typedef int foo_t;
| static __inline__ foo_t static_foo () {return 0; }
| __inline__ foo_t foo () {return 0; }
| #endif
| 
configure:21323: armcc -c -g  conftest.c >&5
configure:21329: $? = 0
configure:21332: test -z 			 || test ! -s conftest.err
configure:21335: $? = 0
configure:21338: test -s conftest.o
configure:21341: $? = 0
configure:21353: result: __inline
configure:21372: checking whether byte ordering is bigendian
configure:21399: armcc -c -g  conftest.c >&5
"conftest.c", line 31: Serious error: C2857E: #include file <sys/types.h> wouldn't open
"conftest.c", line 32: Serious error: C2857E: #include file <sys/param.h> wouldn't open
"conftest.c", line 36: Warning: C2206W: Undefined macro 'BYTE_ORDER' in #if - treated as 0
"conftest.c", line 37: Error: C2456E: undeclared name, inventing 'extern int bogus'
"conftest.c", line 37: Warning: C2917W: no side effect in void context: 'bogus'
"conftest.c", line 37: Serious error: C2284E: expected ';' after command - inserted before 'endian'
"conftest.c", line 37: Error: C2456E: undeclared name, inventing 'extern int endian'
"conftest.c", line 38: Warning: C2917W: no side effect in void context: 'endian'
"conftest.c", line 38: Serious error: C2284E: expected ';' after command - inserted before 'macros'
"conftest.c", line 38: Error: C2456E: undeclared name, inventing 'extern int macros'
"conftest.c", line 40: Warning: C2917W: no side effect in void context: 'macros'
conftest.c: 4 warnings, 3 errors, 4 serious errors
configure:21405: $? = 1
configure: failed program was:
| /* confdefs.h.  */
| 
| #define PACKAGE_NAME ""
| #define PACKAGE_TARNAME ""
| #define PACKAGE_VERSION ""
| #define PACKAGE_STRING ""
| #define PACKAGE_BUGREPORT ""
| #define PACKAGE "faad2"
| #define VERSION "2.0"
| #define STDC_HEADERS 1
| #define HAVE_STDLIB_H 1
| #define HAVE_STRING_H 1
| #define HAVE_INTTYPES_H 1
| #define HAVE_STDINT_H 1
| #ifdef __cplusplus
| void exit (int);
| #endif
| #define STDC_HEADERS 1
| #define HAVE_STDINT_H 1
| #define HAVE_INTTYPES_H 1
| #define HAVE_FLOAT_H 1
| #define HAVE_STRCHR 1
| #define HAVE_MEMCPY 1
| #define HAVE_ERRNO_H 1
| #define HAVE_LIMITS_H 1
| #ifndef __cplusplus
| #define inline __inline
| #endif
| /* end confdefs.h.  */
| #include <sys/types.h>
| #include <sys/param.h>
| 
| int
| main ()
| {
| #if !BYTE_ORDER || !BIG_ENDIAN || !LITTLE_ENDIAN
|  bogus endian macros
| #endif
| 
|   ;
|   return 0;
| }
configure:21498: armcc -c -g  conftest.c >&5
"conftest.c", line 33: Warning: C2905E: implicit cast (to 'short') overflow
"conftest.c", line 33: Warning: C2905E: implicit cast (to 'short') overflow
"conftest.c", line 33: Warning: C2905E: implicit cast (to 'short') overflow
"conftest.c", line 33: Warning: C2905E: implicit cast (to 'short') overflow
"conftest.c", line 33: Warning: C2905E: implicit cast (to 'short') overflow
"conftest.c", line 33: Warning: C2905E: implicit cast (to 'short') overflow
"conftest.c", line 34: Warning: C2905E: implicit cast (to 'short') overflow
"conftest.c", line 34: Warning: C2905E: implicit cast (to 'short') overflow
"conftest.c", line 34: Warning: C2905E: implicit cast (to 'short') overflow
"conftest.c", line 34: Warning: C2905E: implicit cast (to 'short') overflow
"conftest.c", line 34: Warning: C2905E: implicit cast (to 'short') overflow
"conftest.c", line 34: Warning: C2905E: implicit cast (to 'short') overflow
conftest.c: 12 warnings, 0 errors, 0 serious errors
configure:21504: $? = 0
configure:21507: test -z 			 || test ! -s conftest.err
configure:21510: $? = 0
configure:21513: test -s conftest.o
configure:21516: $? = 0
configure:21580: result: no
configure:21600: checking for off_t
configure:21624: armcc -c -g  conftest.c >&5
"conftest.c", line 32: Warning: C2206W: Undefined macro 'HAVE_SYS_TYPES_H' in #if - treated as 0
"conftest.c", line 35: Warning: C2206W: Undefined macro 'HAVE_SYS_STAT_H' in #if - treated as 0
"conftest.c", line 52: Warning: C2206W: Undefined macro 'HAVE_STRINGS_H' in #if - treated as 0
"conftest.c", line 62: Warning: C2206W: Undefined macro 'HAVE_UNISTD_H' in #if - treated as 0
"conftest.c", line 67: Error: C2456E: undeclared name, inventing 'extern int off_t'
"conftest.c", line 67: Serious error: C2291E: <expression> expected but found ')'
"conftest.c", line 67: Serious error: C2282E: expected ')' - inserted before '0'
"conftest.c", line 67: Serious error: C2284E: expected ';' after command - inserted before ')'
"conftest.c", line 67: Serious error: C2304E: <command> expected but found ')'
conftest.c: 4 warnings, 1 error, 4 serious errors
configure:21630: $? = 1
configure: failed program was:
| /* confdefs.h.  */
| 
| #define PACKAGE_NAME ""
| #define PACKAGE_TARNAME ""
| #define PACKAGE_VERSION ""
| #define PACKAGE_STRING ""
| #define PACKAGE_BUGREPORT ""
| #define PACKAGE "faad2"
| #define VERSION "2.0"
| #define STDC_HEADERS 1
| #define HAVE_STDLIB_H 1
| #define HAVE_STRING_H 1
| #define HAVE_INTTYPES_H 1
| #define HAVE_STDINT_H 1
| #ifdef __cplusplus
| void exit (int);
| #endif
| #define STDC_HEADERS 1
| #define HAVE_STDINT_H 1
| #define HAVE_INTTYPES_H 1
| #define HAVE_FLOAT_H 1
| #define HAVE_STRCHR 1
| #define HAVE_MEMCPY 1
| #define HAVE_ERRNO_H 1
| #define HAVE_LIMITS_H 1
| #ifndef __cplusplus
| #define inline __inline
| #endif
| /* end confdefs.h.  */
| #include <stdio.h>
| #if HAVE_SYS_TYPES_H
| # include <sys/types.h>
| #endif
| #if HAVE_SYS_STAT_H
| # include <sys/stat.h>
| #endif
| #if STDC_HEADERS
| # include <stdlib.h>
| # include <stddef.h>
| #else
| # if HAVE_STDLIB_H
| #  include <stdlib.h>
| # endif
| #endif
| #if HAVE_STRING_H
| # if !STDC_HEADERS && HAVE_MEMORY_H
| #  include <memory.h>
| # endif
| # include <string.h>
| #endif
| #if HAVE_STRINGS_H
| # include <strings.h>
| #endif
| #if HAVE_INTTYPES_H
| # include <inttypes.h>
| #else
| # if HAVE_STDINT_H
| #  include <stdint.h>
| # endif
| #endif
| #if HAVE_UNISTD_H
| # include <unistd.h>
| #endif
| int
| main ()
| {
| if ((off_t *) 0)
|   return 0;
| if (sizeof (off_t))
|   return 0;
|   ;
|   return 0;
| }
configure:21653: result: no
configure:21670: checking for float32_t temp
configure:21689: armcc -c -g  conftest.c >&5
"conftest.c", line 31: Serious error: C2856E: Junk after #include <sys/types.h>
"conftest.c", line 32: Serious error: C2857E: #include file <sys/types.h> wouldn't open
"conftest.c", line 33: Serious error: C2857E: #include file <sys/float.h> wouldn't open
"conftest.c", line 36: Error: C2456E: undeclared name, inventing 'extern int float32_t'
"conftest.c", line 36: Warning: C2917W: no side effect in void context: 'float32_t'
"conftest.c", line 36: Serious error: C2284E: expected ';' after command - inserted before 'temp'
"conftest.c", line 36: Error: C2456E: undeclared name, inventing 'extern int temp'
"conftest.c", line 36: Warning: C2917W: no side effect in void context: 'temp'
conftest.c: 2 warnings, 2 errors, 4 serious errors
configure:21695: $? = 1
configure: failed program was:
| /* confdefs.h.  */
| 
| #define PACKAGE_NAME ""
| #define PACKAGE_TARNAME ""
| #define PACKAGE_VERSION ""
| #define PACKAGE_STRING ""
| #define PACKAGE_BUGREPORT ""
| #define PACKAGE "faad2"
| #define VERSION "2.0"
| #define STDC_HEADERS 1
| #define HAVE_STDLIB_H 1
| #define HAVE_STRING_H 1
| #define HAVE_INTTYPES_H 1
| #define HAVE_STDINT_H 1
| #ifdef __cplusplus
| void exit (int);
| #endif
| #define STDC_HEADERS 1
| #define HAVE_STDINT_H 1
| #define HAVE_INTTYPES_H 1
| #define HAVE_FLOAT_H 1
| #define HAVE_STRCHR 1
| #define HAVE_MEMCPY 1
| #define HAVE_ERRNO_H 1
| #define HAVE_LIMITS_H 1
| #ifndef __cplusplus
| #define inline __inline
| #endif
| #define off_t long
| /* end confdefs.h.  */
| #include <sys/types.h>,
|         #include <sys/float.h>
| int
| main ()
| {
| float32_t temp;
|   ;
|   return 0;
| }
configure:21726: result: no
configure:21735: checking for strsep
configure:21792: armcc -o conftest -g   conftest.c  >&5
"conftest.c", line 55: Warning: C2215W: Deprecated declaration strsep() - give arg types
conftest.c: 1 warning, 0 errors, 0 serious errors
Error: L6218E: Undefined symbol strsep (referred from conftest.o).
Finished: 0 information, 0 warning and 1 error messages.
configure:21798: $? = 1
configure: failed program was:
| /* confdefs.h.  */
| 
| #define PACKAGE_NAME ""
| #define PACKAGE_TARNAME ""
| #define PACKAGE_VERSION ""
| #define PACKAGE_STRING ""
| #define PACKAGE_BUGREPORT ""
| #define PACKAGE "faad2"
| #define VERSION "2.0"
| #define STDC_HEADERS 1
| #define HAVE_STDLIB_H 1
| #define HAVE_STRING_H 1
| #define HAVE_INTTYPES_H 1
| #define HAVE_STDINT_H 1
| #ifdef __cplusplus
| void exit (int);
| #endif
| #define STDC_HEADERS 1
| #define HAVE_STDINT_H 1
| #define HAVE_INTTYPES_H 1
| #define HAVE_FLOAT_H 1
| #define HAVE_STRCHR 1
| #define HAVE_MEMCPY 1
| #define HAVE_ERRNO_H 1
| #define HAVE_LIMITS_H 1
| #ifndef __cplusplus
| #define inline __inline
| #endif
| #define off_t long
| /* end confdefs.h.  */
| /* Define strsep to an innocuous variant, in case <limits.h> declares strsep.
|    For example, HP-UX 11i <limits.h> declares gettimeofday.  */
| #define strsep innocuous_strsep
| 
| /* System header to define __stub macros and hopefully few prototypes,
|     which can conflict with char strsep (); below.
|     Prefer <limits.h> to <assert.h> if __STDC__ is defined, since
|     <limits.h> exists even on freestanding compilers.  */
| 
| #ifdef __STDC__
| # include <limits.h>
| #else
| # include <assert.h>
| #endif
| 
| #undef strsep
| 
| /* Override any gcc2 internal prototype to avoid an error.  */
| #ifdef __cplusplus
| extern "C"
| {
| #endif
| /* We use char because int might match the return type of a gcc2
|    builtin and then its argument prototype would still apply.  */
| char strsep ();
| /* The GNU C library defines this for functions which it implements
|     to always fail with ENOSYS.  Some functions are actually named
|     something starting with __ and the normal name is an alias.  */
| #if defined (__stub_strsep) || defined (__stub___strsep)
| choke me
| #else
| char (*f) () = strsep;
| #endif
| #ifdef __cplusplus
| }
| #endif
| 
| int
| main ()
| {
| return f != strsep;
|   ;
|   return 0;
| }
configure:21822: result: no
configure:21839: checking for mpeg4ip-config
configure:21866: result: no
configure:22295: no xmms build configured
configure:22430: creating ./config.status

## ---------------------- ##
## Running config.status. ##
## ---------------------- ##

This file was extended by config.status, which was
generated by GNU Autoconf 2.59.  Invocation command line was

  CONFIG_FILES    = 
  CONFIG_HEADERS  = 
  CONFIG_LINKS    = 
  CONFIG_COMMANDS = 
  $ ./config.status 

on casino

config.status:750: creating libfaad/Makefile
config.status:750: creating common/Makefile
config.status:750: creating common/mp4ff/Makefile
config.status:750: creating plugins/Makefile
config.status:750: creating plugins/xmms/Makefile
config.status:750: creating plugins/xmms/src/Makefile
config.status:750: creating faad2.spec
config.status:750: creating frontend/Makefile
config.status:750: creating Makefile
config.status:816: creating config.h
config.status:934: config.h is unchanged
config.status:1092: executing default-1 commands

## ---------------- ##
## Cache variables. ##
## ---------------- ##

ac_cv_build=i686-pc-linux-gnuaout
ac_cv_build_alias=i686-pc-linux-gnuaout
ac_cv_c_bigendian=no
ac_cv_c_compiler_gnu=no
ac_cv_c_inline=__inline
ac_cv_cxx_compiler_gnu=no
ac_cv_env_CC_set=set
ac_cv_env_CC_value=armcc
ac_cv_env_CFLAGS_set=
ac_cv_env_CFLAGS_value=
ac_cv_env_CPPFLAGS_set=
ac_cv_env_CPPFLAGS_value=
ac_cv_env_CPP_set=
ac_cv_env_CPP_value=
ac_cv_env_CXXCPP_set=
ac_cv_env_CXXCPP_value=
ac_cv_env_CXXFLAGS_set=
ac_cv_env_CXXFLAGS_value=
ac_cv_env_CXX_set=set
ac_cv_env_CXX_value=armpcpp
ac_cv_env_F77_set=
ac_cv_env_F77_value=
ac_cv_env_FFLAGS_set=
ac_cv_env_FFLAGS_value=
ac_cv_env_LDFLAGS_set=
ac_cv_env_LDFLAGS_value=
ac_cv_env_build_alias_set=
ac_cv_env_build_alias_value=
ac_cv_env_host_alias_set=set
ac_cv_env_host_alias_value=arm
ac_cv_env_target_alias_set=
ac_cv_env_target_alias_value=
ac_cv_exeext=
ac_cv_f77_compiler_gnu=yes
ac_cv_func_getpwuid=no
ac_cv_func_memcpy=yes
ac_cv_func_strchr=yes
ac_cv_func_strsep=no
ac_cv_header_IOKit_IOKitLib_h=no
ac_cv_header_dlfcn_h=no
ac_cv_header_errno_h=yes
ac_cv_header_float_h=yes
ac_cv_header_inttypes_h=yes
ac_cv_header_limits_h=yes
ac_cv_header_mathf_h=no
ac_cv_header_memory_h=no
ac_cv_header_stdc=yes
ac_cv_header_stdint_h=yes
ac_cv_header_stdlib_h=yes
ac_cv_header_string_h=yes
ac_cv_header_strings_h=no
ac_cv_header_sys_stat_h=no
ac_cv_header_sys_time_h=no
ac_cv_header_sys_types_h=no
ac_cv_header_sysfs_libsysfs_h=no
ac_cv_header_time=no
ac_cv_header_unistd_h=no
ac_cv_host=arm-unknown-none
ac_cv_host_alias=arm
ac_cv_objext=o
ac_cv_path_install='/usr/bin/install -c'
ac_cv_prog_CC=armcc
ac_cv_prog_CPP='armcc -E'
ac_cv_prog_CXX=armpcpp
ac_cv_prog_CXXCPP=/lib/cpp
ac_cv_prog_RPMBUILD=rpmbuild
ac_cv_prog_ac_ct_AR=ar
ac_cv_prog_ac_ct_F77=g77
ac_cv_prog_ac_ct_RANLIB=ranlib
ac_cv_prog_ac_ct_STRIP=strip
ac_cv_prog_cc_g=yes
ac_cv_prog_cc_stdc=no
ac_cv_prog_cxx_g=no
ac_cv_prog_egrep='grep -E'
ac_cv_prog_external_mp4v2=no
ac_cv_prog_f77_g=yes
ac_cv_prog_make_make_set=yes
ac_cv_type_off_t=no
lt_cv_deplibs_check_method=unknown
lt_cv_file_magic_cmd='$MAGIC_CMD'
lt_cv_file_magic_test_file=
lt_cv_ld_reload_flag=-r
lt_cv_objdir=.libs
lt_cv_path_LD=armlink
lt_cv_path_LDCXX=
lt_cv_path_NM=nm
lt_cv_path_SED=/bin/sed
lt_cv_prog_compiler_c_o=yes
lt_cv_prog_compiler_c_o_CXX=no
lt_cv_prog_compiler_c_o_F77=yes
lt_cv_prog_gnu_ld=no
lt_cv_prog_gnu_ldcxx=
lt_cv_sys_global_symbol_pipe='sed -n -e '\''s/^.*[ 	]\([ABCDGIRSTW][ABCDGIRSTW]*\)[ 	][ 	]*\(\)\([_A-Za-z][_A-Za-z0-9]*\)$/\1 \2\3 \3/p'\'''
lt_cv_sys_global_symbol_to_c_name_address='sed -n -e '\''s/^: \([^ ]*\) $/  {\"\1\", (lt_ptr) 0},/p'\'' -e '\''s/^[BCDEGRST] \([^ ]*\) \([^ ]*\)$/  {"\2", (lt_ptr) \&\2},/p'\'''
lt_cv_sys_global_symbol_to_cdecl='sed -n -e '\''s/^. .* \(.*\)$/extern int \1;/p'\'''
lt_cv_sys_max_cmd_len=32768
lt_lt_cv_prog_compiler_c_o='"yes"'
lt_lt_cv_prog_compiler_c_o_CXX='"no"'
lt_lt_cv_prog_compiler_c_o_F77='"yes"'
lt_lt_cv_sys_global_symbol_pipe='"sed -n -e '\''s/^.*[ 	]\\([ABCDGIRSTW][ABCDGIRSTW]*\\)[ 	][ 	]*\\(\\)\\([_A-Za-z][_A-Za-z0-9]*\\)\$/\\1 \\2\\3 \\3/p'\''"'
lt_lt_cv_sys_global_symbol_to_c_name_address='"sed -n -e '\''s/^: \\([^ ]*\\) \$/  {\\\"\\1\\\", (lt_ptr) 0},/p'\'' -e '\''s/^[BCDEGRST] \\([^ ]*\\) \\([^ ]*\\)\$/  {\"\\2\", (lt_ptr) \\&\\2},/p'\''"'
lt_lt_cv_sys_global_symbol_to_cdecl='"sed -n -e '\''s/^. .* \\(.*\\)\$/extern int \\1;/p'\''"'

## ----------------- ##
## Output variables. ##
## ----------------- ##

ACLOCAL='aclocal-1.4'
AR='ar'
AUTOCONF='autoconf'
AUTOHEADER='autoheader'
AUTOMAKE='automake-1.4'
CC='armcc'
CFLAGS='-g'
CPP='armcc -E'
CPPFLAGS=''
CXX='armpcpp'
CXXCPP='/lib/cpp'
CXXFLAGS=''
DEFS='-DHAVE_CONFIG_H'
ECHO='echo'
ECHO_C=''
ECHO_N='-n'
ECHO_T=''
EGREP='grep -E'
EXEEXT=''
F77='g77'
FFLAGS='-g -O2'
GTK_CONFIG=''
HAVE_MPEG4IP_PLUG_FALSE=''
HAVE_MPEG4IP_PLUG_TRUE='#'
HAVE_XMMS_FALSE=''
HAVE_XMMS_TRUE='#'
INSTALL_DATA='${INSTALL} -m 644'
INSTALL_PROGRAM='${INSTALL}'
INSTALL_SCRIPT='${INSTALL}'
LDFLAGS=''
LIBOBJS=''
LIBS=''
LIBTOOL='$(SHELL) $(top_builddir)/libtool'
LIBTOOL_DEPS='./ltmain.sh'
LN_S='ln -s'
LTLIBOBJS=''
MAKEINFO='makeinfo'
MP4FF_LIBS=''
OBJEXT='o'
PACKAGE='faad2'
PACKAGE_BUGREPORT=''
PACKAGE_NAME=''
PACKAGE_STRING=''
PACKAGE_TARNAME=''
PACKAGE_VERSION=''
PATH_SEPARATOR=':'
RANLIB='ranlib'
RPMBUILD='rpmbuild'
SET_MAKE=''
SHELL='/bin/sh'
STRIP='strip'
VERSION='2.0'
XMMS_CONFIG=''
ac_ct_AR='ar'
ac_ct_CC=''
ac_ct_CXX=''
ac_ct_F77='g77'
ac_ct_RANLIB='ranlib'
ac_ct_STRIP='strip'
bindir='${exec_prefix}/bin'
build='i686-pc-linux-gnuaout'
build_alias=''
build_cpu='i686'
build_os='linux-gnuaout'
build_vendor='pc'
datadir='${prefix}/share'
exec_prefix='${prefix}'
external_mp4v2='no'
host='arm-unknown-none'
host_alias='arm'
host_cpu='arm'
host_os='none'
host_vendor='unknown'
includedir='${prefix}/include'
infodir='${prefix}/info'
libdir='${exec_prefix}/lib'
libexecdir='${exec_prefix}/libexec'
localstatedir='${prefix}/var'
mandir='${prefix}/man'
oldincludedir='/usr/include'
prefix='/usr/local'
program_transform_name='s,x,x,'
sbindir='${exec_prefix}/sbin'
sharedstatedir='${prefix}/com'
sysconfdir='${prefix}/etc'
target_alias=''

## ----------- ##
## confdefs.h. ##
## ----------- ##

#define DRM 1
#define HAVE_ERRNO_H 1
#define HAVE_FLOAT_H 1
#define HAVE_INTTYPES_H 1
#define HAVE_INTTYPES_H 1
#define HAVE_LIMITS_H 1
#define HAVE_MEMCPY 1
#define HAVE_STDINT_H 1
#define HAVE_STDINT_H 1
#define HAVE_STDLIB_H 1
#define HAVE_STRCHR 1
#define HAVE_STRING_H 1
#define PACKAGE "faad2"
#define PACKAGE_BUGREPORT ""
#define PACKAGE_NAME ""
#define PACKAGE_STRING ""
#define PACKAGE_TARNAME ""
#define PACKAGE_VERSION ""
#define STDC_HEADERS 1
#define STDC_HEADERS 1
#define VERSION "2.0"
#define inline __inline
#define off_t long
#endif
#endif
#ifdef __cplusplus
#ifndef __cplusplus
void exit (int);

configure: exit 0
